Log file open, 10/12/16 10:04:02
LogInit:Display: Running engine for game: DarkWoods
LogPlatformFile: Not using cached read wrapper
LogInit:Display: RandInit(1620387689) SRandInit(1620387689).
LogTaskGraph: Started task graph with 5 named threads and 8 total threads with 1 sets of task threads.
LogStats: Stats thread started at 0.065534
LogPluginManager: Loaded Plugin Paper2D, From C:/Program Files (x86)/Epic Games/4.13/Engine/Plugins/2D/Paper2D/Paper2D.uplugin
LogPluginManager: Loaded Plugin LightPropagationVolume, From C:/Program Files (x86)/Epic Games/4.13/Engine/Plugins/Blendables/LightPropagationVolume/LightPropagationVolume.uplugin
LogPluginManager: Loaded Plugin BlankPlugin, From C:/Program Files (x86)/Epic Games/4.13/Engine/Plugins/Developer/BlankPlugin/BlankPlugin.uplugin
LogPluginManager: Loaded Plugin CodeLiteSourceCodeAccess, From C:/Program Files (x86)/Epic Games/4.13/Engine/Plugins/Developer/CodeLiteSourceCodeAccess/CodeLiteSourceCodeAccess.uplugin
LogPluginManager: Loaded Plugin GitSourceControl, From C:/Program Files (x86)/Epic Games/4.13/Engine/Plugins/Developer/GitSourceControl/GitSourceControl.uplugin
LogPluginManager: Loaded Plugin KDevelopSourceCodeAccess, From C:/Program Files (x86)/Epic Games/4.13/Engine/Plugins/Developer/KDevelopSourceCodeAccess/KDevelopSourceCodeAccess.uplugin
LogPluginManager: Loaded Plugin NullSourceCodeAccess, From C:/Program Files (x86)/Epic Games/4.13/Engine/Plugins/Developer/NullSourceCodeAccess/NullSourceCodeAccess.uplugin
LogPluginManager: Loaded Plugin OneSkyLocalizationService, From C:/Program Files (x86)/Epic Games/4.13/Engine/Plugins/Developer/OneSkyLocalizationService/OneSkyLocalizationService.uplugin
LogPluginManager: Loaded Plugin PerforceSourceControl, From C:/Program Files (x86)/Epic Games/4.13/Engine/Plugins/Developer/PerforceSourceControl/PerforceSourceControl.uplugin
LogPluginManager: Loaded Plugin SubversionSourceControl, From C:/Program Files (x86)/Epic Games/4.13/Engine/Plugins/Developer/SubversionSourceControl/SubversionSourceControl.uplugin
LogPluginManager: Loaded Plugin UObjectPlugin, From C:/Program Files (x86)/Epic Games/4.13/Engine/Plugins/Developer/UObjectPlugin/UObjectPlugin.uplugin
LogPluginManager: Loaded Plugin VisualStudioSourceCodeAccess, From C:/Program Files (x86)/Epic Games/4.13/Engine/Plugins/Developer/VisualStudioSourceCodeAccess/VisualStudioSourceCodeAccess.uplugin
LogPluginManager: Loaded Plugin XCodeSourceCodeAccess, From C:/Program Files (x86)/Epic Games/4.13/Engine/Plugins/Developer/XCodeSourceCodeAccess/XCodeSourceCodeAccess.uplugin
LogPluginManager: Loaded Plugin EpicSurvey, From C:/Program Files (x86)/Epic Games/4.13/Engine/Plugins/Editor/EpicSurvey/EpicSurvey.uplugin
LogPluginManager: Loaded Plugin MacGraphicsSwitching, From C:/Program Files (x86)/Epic Games/4.13/Engine/Plugins/Editor/MacGraphicsSwitching/MacGraphicsSwitching.uplugin
LogPluginManager: Loaded Plugin MobileLauncherProfileWizard, From C:/Program Files (x86)/Epic Games/4.13/Engine/Plugins/Editor/MobileLauncherProfileWizard/MobileLauncherProfileWizard.uplugin
LogPluginManager: Loaded Plugin PluginBrowser, From C:/Program Files (x86)/Epic Games/4.13/Engine/Plugins/Editor/PluginBrowser/PluginBrowser.uplugin
LogPluginManager: Loaded Plugin SpeedTreeImporter, From C:/Program Files (x86)/Epic Games/4.13/Engine/Plugins/Editor/SpeedTreeImporter/SpeedTreeImporter.uplugin
LogPluginManager: Loaded Plugin SuperSearchEditor, From C:/Program Files (x86)/Epic Games/4.13/Engine/Plugins/Editor/SuperSearchEditor/SuperSearchEditor.uplugin
LogPluginManager: Loaded Plugin AlembicImporter, From C:/Program Files (x86)/Epic Games/4.13/Engine/Plugins/Experimental/AlembicImporter/AlembicImporter.uplugin
LogPluginManager: Loaded Plugin BlueprintStats, From C:/Program Files (x86)/Epic Games/4.13/Engine/Plugins/Experimental/BlueprintStats/BlueprintStats.uplugin
LogPluginManager: Loaded Plugin CharacterAI, From C:/Program Files (x86)/Epic Games/4.13/Engine/Plugins/Experimental/CharacterAI/CharacterAI.uplugin
LogPluginManager: Loaded Plugin CodeEditor, From C:/Program Files (x86)/Epic Games/4.13/Engine/Plugins/Experimental/CodeEditor/CodeEditor.uplugin
LogPluginManager: Loaded Plugin CodeView, From C:/Program Files (x86)/Epic Games/4.13/Engine/Plugins/Experimental/CodeView/CodeView.uplugin
LogPluginManager: Loaded Plugin HTML5Networking, From C:/Program Files (x86)/Epic Games/4.13/Engine/Plugins/Experimental/HTML5Networking/HTML5Networking.uplugin
LogPluginManager: Loaded Plugin LiveEditor, From C:/Program Files (x86)/Epic Games/4.13/Engine/Plugins/Experimental/LiveEditor/LiveEditor.uplugin
LogPluginManager: Loaded Plugin OSVR, From C:/Program Files (x86)/Epic Games/4.13/Engine/Plugins/Experimental/OSVR/OSVR.uplugin
LogPluginManager: Loaded Plugin Phya, From C:/Program Files (x86)/Epic Games/4.13/Engine/Plugins/Experimental/Phya/Phya.uplugin
LogPluginManager: Loaded Plugin SignificanceManager, From C:/Program Files (x86)/Epic Games/4.13/Engine/Plugins/Experimental/SignificanceManager/SignificanceManager.uplugin
LogPluginManager: Loaded Plugin SimpleHMD, From C:/Program Files (x86)/Epic Games/4.13/Engine/Plugins/Experimental/SimpleHMD/SimpleHMD.uplugin
LogPluginManager: Loaded Plugin StereoPanorama, From C:/Program Files (x86)/Epic Games/4.13/Engine/Plugins/Experimental/StereoPanorama/StereoPanorama.uplugin
LogPluginManager: Loaded Plugin StructBox, From C:/Program Files (x86)/Epic Games/4.13/Engine/Plugins/Experimental/StructBox/StructBox.uplugin
LogPluginManager: Loaded Plugin AndroidMedia, From C:/Program Files (x86)/Epic Games/4.13/Engine/Plugins/Media/AndroidMedia/AndroidMedia.uplugin
LogPluginManager: Loaded Plugin AvfMedia, From C:/Program Files (x86)/Epic Games/4.13/Engine/Plugins/Media/AvfMedia/AvfMedia.uplugin
LogPluginManager: Loaded Plugin MediaPlayerEditor, From C:/Program Files (x86)/Epic Games/4.13/Engine/Plugins/Media/MediaPlayerEditor/MediaPlayerEditor.uplugin
LogPluginManager: Loaded Plugin WmfMedia, From C:/Program Files (x86)/Epic Games/4.13/Engine/Plugins/Media/WmfMedia/WmfMedia.uplugin
LogPluginManager: Loaded Plugin MessagingDebugger, From C:/Program Files (x86)/Epic Games/4.13/Engine/Plugins/Messaging/MessagingDebugger/MessagingDebugger.uplugin
LogPluginManager: Loaded Plugin TcpMessaging, From C:/Program Files (x86)/Epic Games/4.13/Engine/Plugins/Messaging/TcpMessaging/TcpMessaging.uplugin
LogPluginManager: Loaded Plugin UdpMessaging, From C:/Program Files (x86)/Epic Games/4.13/Engine/Plugins/Messaging/UdpMessaging/UdpMessaging.uplugin
LogPluginManager: Loaded Plugin LevelSequenceEditor, From C:/Program Files (x86)/Epic Games/4.13/Engine/Plugins/MovieScene/LevelSequenceEditor/LevelSequenceEditor.uplugin
LogPluginManager: Loaded Plugin MatineeToLevelSequence, From C:/Program Files (x86)/Epic Games/4.13/Engine/Plugins/MovieScene/MatineeToLevelSequence/MatineeToLevelSequence.uplugin
LogPluginManager: Loaded Plugin NetcodeUnitTest, From C:/Program Files (x86)/Epic Games/4.13/Engine/Plugins/NetcodeUnitTest/NetcodeUnitTest/NetcodeUnitTest.uplugin
LogPluginManager: Loaded Plugin NUTUnrealEngine4, From C:/Program Files (x86)/Epic Games/4.13/Engine/Plugins/NetcodeUnitTest/NUTUnrealEngine4/NUTUnrealEngine4.uplugin
LogPluginManager: Loaded Plugin OnlineSubsystemGooglePlay, From C:/Program Files (x86)/Epic Games/4.13/Engine/Plugins/Online/Android/OnlineSubsystemGooglePlay/OnlineSubsystemGooglePlay.uplugin
LogPluginManager: Loaded Plugin OnlineSubsystemIOS, From C:/Program Files (x86)/Epic Games/4.13/Engine/Plugins/Online/IOS/OnlineSubsystemIOS/OnlineSubsystemIOS.uplugin
LogPluginManager: Loaded Plugin OnlineFramework, From C:/Program Files (x86)/Epic Games/4.13/Engine/Plugins/Online/OnlineFramework/OnlineFramework.uplugin
LogPluginManager: Loaded Plugin OnlineSubsystem, From C:/Program Files (x86)/Epic Games/4.13/Engine/Plugins/Online/OnlineSubsystem/OnlineSubsystem.uplugin
LogPluginManager: Loaded Plugin OnlineSubsystemAmazon, From C:/Program Files (x86)/Epic Games/4.13/Engine/Plugins/Online/OnlineSubsystemAmazon/OnlineSubsystemAmazon.uplugin
LogPluginManager: Loaded Plugin OnlineSubsystemFacebook, From C:/Program Files (x86)/Epic Games/4.13/Engine/Plugins/Online/OnlineSubsystemFacebook/OnlineSubsystemFacebook.uplugin
LogPluginManager: Loaded Plugin OnlineSubsystemNull, From C:/Program Files (x86)/Epic Games/4.13/Engine/Plugins/Online/OnlineSubsystemNull/OnlineSubsystemNull.uplugin
LogPluginManager: Loaded Plugin OnlineSubsystemOculus, From C:/Program Files (x86)/Epic Games/4.13/Engine/Plugins/Online/OnlineSubsystemOculus/OnlineSubsystemOculus.uplugin
LogPluginManager: Loaded Plugin OnlineSubsystemSteam, From C:/Program Files (x86)/Epic Games/4.13/Engine/Plugins/Online/OnlineSubsystemSteam/OnlineSubsystemSteam.uplugin
LogPluginManager: Loaded Plugin OnlineSubsystemUtils, From C:/Program Files (x86)/Epic Games/4.13/Engine/Plugins/Online/OnlineSubsystemUtils/OnlineSubsystemUtils.uplugin
LogPluginManager: Loaded Plugin IOSTapJoy, From C:/Program Files (x86)/Epic Games/4.13/Engine/Plugins/Runtime/Advertising/IOSTapJoy/IOSTapJoy.uplugin
LogPluginManager: Loaded Plugin AnalyticsBlueprintLibrary, From C:/Program Files (x86)/Epic Games/4.13/Engine/Plugins/Runtime/Analytics/AnalyticsBlueprintLibrary/AnalyticsBlueprintLibrary.uplugin
LogPluginManager: Loaded Plugin AnalyticsMulticast, From C:/Program Files (x86)/Epic Games/4.13/Engine/Plugins/Runtime/Analytics/AnalyticsMulticast/AnalyticsMulticast.uplugin
LogPluginManager: Loaded Plugin Apsalar, From C:/Program Files (x86)/Epic Games/4.13/Engine/Plugins/Runtime/Analytics/Apsalar/Apsalar.uplugin
LogPluginManager: Loaded Plugin FileLogging, From C:/Program Files (x86)/Epic Games/4.13/Engine/Plugins/Runtime/Analytics/FileLogging/FileLogging.uplugin
LogPluginManager: Loaded Plugin Flurry, From C:/Program Files (x86)/Epic Games/4.13/Engine/Plugins/Runtime/Analytics/Flurry/Flurry.uplugin
LogPluginManager: Loaded Plugin AndroidDeviceProfileSelector, From C:/Program Files (x86)/Epic Games/4.13/Engine/Plugins/Runtime/AndroidDeviceProfileSelector/AndroidDeviceProfileSelector.uplugin
LogPluginManager: Loaded Plugin AndroidMoviePlayer, From C:/Program Files (x86)/Epic Games/4.13/Engine/Plugins/Runtime/AndroidMoviePlayer/AndroidMoviePlayer.uplugin
LogPluginManager: Loaded Plugin AppleMoviePlayer, From C:/Program Files (x86)/Epic Games/4.13/Engine/Plugins/Runtime/AppleMoviePlayer/AppleMoviePlayer.uplugin
LogPluginManager: Loaded Plugin ArchVisCharacter, From C:/Program Files (x86)/Epic Games/4.13/Engine/Plugins/Runtime/ArchVisCharacter/ArchVisCharacter.uplugin
LogPluginManager: Loaded Plugin CableComponent, From C:/Program Files (x86)/Epic Games/4.13/Engine/Plugins/Runtime/CableComponent/CableComponent.uplugin
LogPluginManager: Loaded Plugin CustomMeshComponent, From C:/Program Files (x86)/Epic Games/4.13/Engine/Plugins/Runtime/CustomMeshComponent/CustomMeshComponent.uplugin
LogPluginManager: Loaded Plugin ExampleDeviceProfileSelector, From C:/Program Files (x86)/Epic Games/4.13/Engine/Plugins/Runtime/ExampleDeviceProfileSelector/ExampleDeviceProfileSelector.uplugin
LogPluginManager: Loaded Plugin GearVR, From C:/Program Files (x86)/Epic Games/4.13/Engine/Plugins/Runtime/GearVR/GearVR.uplugin
LogPluginManager: Loaded Plugin GoogleVRController, From C:/Program Files (x86)/Epic Games/4.13/Engine/Plugins/Runtime/GoogleVR/GoogleVRController/GoogleVRController.uplugin
LogPluginManager: Loaded Plugin GoogleVRHMD, From C:/Program Files (x86)/Epic Games/4.13/Engine/Plugins/Runtime/GoogleVR/GoogleVRHMD/GoogleVRHMD.uplugin
LogPluginManager: Loaded Plugin IOSDeviceProfileSelector, From C:/Program Files (x86)/Epic Games/4.13/Engine/Plugins/Runtime/IOSDeviceProfileSelector/IOSDeviceProfileSelector.uplugin
LogPluginManager: Loaded Plugin LeapMotion, From C:/Program Files (x86)/Epic Games/4.13/Engine/Plugins/Runtime/LeapMotion/LeapMotion.uplugin
LogPluginManager: Loaded Plugin LinuxDeviceProfileSelector, From C:/Program Files (x86)/Epic Games/4.13/Engine/Plugins/Runtime/LinuxDeviceProfileSelector/LinuxDeviceProfileSelector.uplugin
LogPluginManager: Loaded Plugin LiveEditorListenServer, From C:/Program Files (x86)/Epic Games/4.13/Engine/Plugins/Runtime/LiveEditorListenServer/LiveEditorListenServer.uplugin
LogPluginManager: Loaded Plugin OculusAudio, From C:/Program Files (x86)/Epic Games/4.13/Engine/Plugins/Runtime/OculusAudio/OculusAudio.uplugin
LogPluginManager: Loaded Plugin OculusInput, From C:/Program Files (x86)/Epic Games/4.13/Engine/Plugins/Runtime/OculusInput/OculusInput.uplugin
LogPluginManager: Loaded Plugin OculusLibrary, From C:/Program Files (x86)/Epic Games/4.13/Engine/Plugins/Runtime/OculusLibrary/OculusLibrary.uplugin
LogPluginManager: Loaded Plugin OculusRift, From C:/Program Files (x86)/Epic Games/4.13/Engine/Plugins/Runtime/OculusRift/OculusRift.uplugin
LogPluginManager: Loaded Plugin Oodle, From C:/Program Files (x86)/Epic Games/4.13/Engine/Plugins/Runtime/PacketHandlers/CompressionComponents/Oodle/Oodle.uplugin
LogPluginManager: Loaded Plugin ProceduralMeshComponent, From C:/Program Files (x86)/Epic Games/4.13/Engine/Plugins/Runtime/ProceduralMeshComponent/ProceduralMeshComponent.uplugin
LogPluginManager: Loaded Plugin SoundMod, From C:/Program Files (x86)/Epic Games/4.13/Engine/Plugins/Runtime/SoundMod/SoundMod.uplugin
LogPluginManager: Loaded Plugin SoundVisualizations, From C:/Program Files (x86)/Epic Games/4.13/Engine/Plugins/Runtime/SoundVisualizations/SoundVisualizations.uplugin
LogPluginManager: Loaded Plugin SteamController, From C:/Program Files (x86)/Epic Games/4.13/Engine/Plugins/Runtime/Steam/SteamController/SteamController.uplugin
LogPluginManager: Loaded Plugin SteamVR, From C:/Program Files (x86)/Epic Games/4.13/Engine/Plugins/Runtime/Steam/SteamVR/SteamVR.uplugin
LogPluginManager: Loaded Plugin WebBrowserWidget, From C:/Program Files (x86)/Epic Games/4.13/Engine/Plugins/Runtime/WebBrowserWidget/WebBrowserWidget.uplugin
LogPluginManager: Loaded Plugin WindowsDeviceProfileSelector, From C:/Program Files (x86)/Epic Games/4.13/Engine/Plugins/Runtime/WindowsDeviceProfileSelector/WindowsDeviceProfileSelector.uplugin
LogPluginManager: Loaded Plugin WindowsMoviePlayer, From C:/Program Files (x86)/Epic Games/4.13/Engine/Plugins/Runtime/WindowsMoviePlayer/WindowsMoviePlayer.uplugin
LogPluginManager: Loaded Plugin ScriptPlugin, From C:/Program Files (x86)/Epic Games/4.13/Engine/Plugins/ScriptPlugin/ScriptPlugin.uplugin
LogPluginManager: Loaded Plugin SlateRemote, From C:/Program Files (x86)/Epic Games/4.13/Engine/Plugins/Slate/SlateRemote/SlateRemote.uplugin
LogInit: Using libcurl 7.47.1
LogInit:  - built for x86_64-pc-win32
LogInit:  - supports SSL with WinSSL
LogInit:  - other features:
LogInit:      CURL_VERSION_SSL
LogInit:      CURL_VERSION_IPV6
LogInit:      CURL_VERSION_ASYNCHDNS
LogInit:      CURL_VERSION_LARGEFILE
LogInit:      CURL_VERSION_IDN
LogInit:  CurlRequestOptions (configurable via config and command line):
LogInit:  - bVerifyPeer = false  - Libcurl will NOT verify peer certificate
LogInit:  - bUseHttpProxy = false  - Libcurl will NOT use HTTP proxy
LogInit:  - bDontReuseConnections = false  - Libcurl will reuse connections
LogInit:  - CertBundlePath = nullptr  - Libcurl will use whatever was configured at build time.
LogInit: Build: ++UE4+Release-4.13-CL-3106830
LogInit: Engine Version: 4.13.0-3106830+++UE4+Release-4.13
LogInit: Compatible Engine Version: 4.13.0-3106830+++UE4+Release-4.13
LogInit: Net CL: 3106830
LogDevObjectVersion: Number of dev versions registered: 13
LogDevObjectVersion:   Dev-Blueprints (B0D832E4-1F89-4F0D-ACCF-7EB736FD4AA2): 5
LogDevObjectVersion:   Dev-Build (E1C64328-A22C-4D53-A36C-8E866417BD8C): 0
LogDevObjectVersion:   Dev-Core (375EC13C-06E4-48FB-B500-84F0262A717E): 1
LogDevObjectVersion:   Dev-Editor (E4B068ED-F494-42E9-A231-DA0B2E46BB41): 6
LogDevObjectVersion:   Dev-Framework (CFFC743F-43B0-4480-9391-14DF171D2073): 12
LogDevObjectVersion:   Dev-Mobile (B02B49B5-BB20-44E9-A304-32B752E40360): 0
LogDevObjectVersion:   Dev-Networking (A4E4105C-59A1-49B5-A7C5-40C4547EDFEE): 0
LogDevObjectVersion:   Dev-Online (39C831C9-5AE6-47DC-9A44-9C173E1C8E7C): 0
LogDevObjectVersion:   Dev-Physics (78F01B33-EBEA-4F98-B9B4-84EACCB95AA2): 0
LogDevObjectVersion:   Dev-Platform (6631380F-2D4D-43E0-8009-CF276956A95A): 0
LogDevObjectVersion:   Dev-Rendering (12F88B9F-8875-4AFC-A67C-D90C383ABD29): 4
LogDevObjectVersion:   Dev-Sequencer (7B5AE74C-D270-4C10-A958-57980B212A5A): 0
LogDevObjectVersion:   Dev-VR (D7296918-1DD6-4BDD-9DE2-64A83CC13884): 0
LogInit: Compiled (64-bit): Aug 30 2016 18:11:39
LogInit: Compiled with Visual C++: 19.00.23026.00
LogInit: Build Configuration: Development
LogInit: Branch Name: ++UE4+Release-4.13
LogInit: Command line: -EpicPortal 
LogInit: Base directory: C:/Program Files (x86)/Epic Games/4.13/Engine/Binaries/Win64/
LogInit: Installed Engine Build: 1
LogInit: Presizing for max 8388607 objects, including 0 objects not considered by GC, pre-allocating 0 bytes for permanent pool.
LogInit: Object subsystem initialized
[2016.10.12-13.04.02:163][  0]LogInit: Selected Device Profile: [Windows]
[2016.10.12-13.04.02:163][  0]LogInit: Applying CVar settings loaded from the selected device profile: [Windows]
[2016.10.12-13.04.02:219][  0]LogInit: Computer: SIG-PC
[2016.10.12-13.04.02:219][  0]LogInit: User: SIG
[2016.10.12-13.04.02:219][  0]LogInit: CPU Page size=65536, Cores=4
[2016.10.12-13.04.02:219][  0]LogInit: High frequency timer resolution =3.410253 MHz
[2016.10.12-13.04.02:219][  0]LogMemory: Memory total: Physical=7.9GB (8GB approx)
[2016.10.12-13.04.02:219][  0]LogMemory: Platform Memory Stats for Windows
[2016.10.12-13.04.02:219][  0]LogMemory: Process Physical Memory: 257.35 MB used, 257.35 MB peak
[2016.10.12-13.04.02:219][  0]LogMemory: Process Virtual Memory: 262.49 MB used, 262.49 MB peak
[2016.10.12-13.04.02:219][  0]LogMemory: Physical Memory: 4252.84 MB used, 8139.28 MB total
[2016.10.12-13.04.02:219][  0]LogMemory: Virtual Memory: 593.78 MB used, 8388608.00 MB total
[2016.10.12-13.04.02:594][  0]LogD3D11RHI: D3D11 adapters:
[2016.10.12-13.04.02:630][  0]LogD3D11RHI:    0. 'NVIDIA GeForce GTX 560' (Feature Level 11_0)
[2016.10.12-13.04.02:630][  0]LogD3D11RHI:       979/0/3071 MB DedicatedVideo/DedicatedSystem/SharedSystem, Outputs:1, VendorId:0x10de
[2016.10.12-13.04.02:630][  0]LogD3D11RHI: Chosen D3D11 Adapter: 0
[2016.10.12-13.04.02:633][  0]LogD3D11RHI: Creating new Direct3DDevice
[2016.10.12-13.04.02:633][  0]LogD3D11RHI:     GPU DeviceId: 0x1201 (for the marketing name, search the web for "GPU Device Id")
[2016.10.12-13.04.02:633][  0]LogWindows: EnumDisplayDevices:
[2016.10.12-13.04.02:633][  0]LogWindows:    0. 'NVIDIA GeForce GTX 560' (P:1 D:1)
[2016.10.12-13.04.02:634][  0]LogWindows:    1. 'NVIDIA GeForce GTX 560' (P:0 D:0)
[2016.10.12-13.04.02:634][  0]LogWindows:    2. 'RDPDD Chained DD' (P:0 D:0)
[2016.10.12-13.04.02:634][  0]LogWindows:    3. 'RDP Encoder Mirror Driver' (P:0 D:0)
[2016.10.12-13.04.02:634][  0]LogWindows:    4. 'RDP Reflector Display Driver' (P:0 D:0)
[2016.10.12-13.04.02:634][  0]LogWindows: DebugString: GetVideoDriverDetailsInvalid PrimaryIsNotTheChoosenAdapter GetVideoDriverDetailsInvalid PrimaryIsNotTheChoosenAdapter GetVideoDriverDetailsInvalid PrimaryIsNotTheChoosenAdapter FoundDriverCount:2 
[2016.10.12-13.04.02:634][  0]LogD3D11RHI:     Adapter Name: NVIDIA GeForce GTX 560
[2016.10.12-13.04.02:634][  0]LogD3D11RHI:   Driver Version: 368.39 (internal:10.18.13.6839, unified:368.39)
[2016.10.12-13.04.02:634][  0]LogD3D11RHI:      Driver Date: 6-2-2016
[2016.10.12-13.04.02:634][  0]LogRHI: Texture pool is 685 MB (70% of 979 MB)
[2016.10.12-13.04.02:642][  0]LogD3D11RHI: Async texture creation enabled
[2016.10.12-13.04.02:656][  0]LogD3D11RHI: GPU Timing Frequency: 1000.000000 (Debug: 2 2)
[2016.10.12-13.04.02:656][  0]LogShaderCompilers: Guid format shader working directory is 5 characters bigger than the processId version (../../../../../../sig/Dark-Woods/Source/Intermediate/Shaders/WorkingDirectory/6660/).
[2016.10.12-13.04.02:656][  0]LogShaderCompilers: Cleaned the shader compiler working directory 'C:/Users/SIG/AppData/Local/Temp/UnrealShaderWorkingDir/ACA0D1CF4F7DCC4EE3EFB18624949770/'.
[2016.10.12-13.04.02:656][  0]LogShaderCompilers:Display: Using Local Shader Compiler.
[2016.10.12-13.04.05:759][  0]LogTemp:Display: Loaded TP AllDesktopTargetPlatform
[2016.10.12-13.04.05:767][  0]LogTemp:Display: Loaded TP WindowsClientTargetPlatform
[2016.10.12-13.04.05:775][  0]LogTemp:Display: Loaded TP WindowsNoEditorTargetPlatform
[2016.10.12-13.04.05:782][  0]LogTemp:Display: Loaded TP WindowsServerTargetPlatform
[2016.10.12-13.04.05:790][  0]LogTemp:Display: Loaded TP WindowsTargetPlatform
[2016.10.12-13.04.05:797][  0]LogTemp:Display: Loaded TP AndroidTargetPlatform
[2016.10.12-13.04.05:804][  0]LogTemp:Display: Loaded TP Android_ASTCTargetPlatform
[2016.10.12-13.04.05:811][  0]LogTemp:Display: Loaded TP Android_ATCTargetPlatform
[2016.10.12-13.04.05:818][  0]LogTemp:Display: Loaded TP Android_DXTTargetPlatform
[2016.10.12-13.04.05:825][  0]LogTemp:Display: Loaded TP Android_ETC1TargetPlatform
[2016.10.12-13.04.05:832][  0]LogTemp:Display: Loaded TP Android_ETC2TargetPlatform
[2016.10.12-13.04.05:847][  0]LogTemp:Display: Loaded TP Android_MultiTargetPlatform
[2016.10.12-13.04.05:847][  0]LogTemp:Display: Loaded TP Android_PVRTCTargetPlatform
[2016.10.12-13.04.05:848][  0]LogTemp:Display: Loaded TP HTML5TargetPlatform
[2016.10.12-13.04.05:868][  0]LogTemp:Display: Loaded TP IOSTargetPlatform
[2016.10.12-13.04.05:874][  0]LogTemp:Display: Loaded TP TVOSTargetPlatform
[2016.10.12-13.04.05:881][  0]LogTemp:Display: Loaded TP LinuxClientTargetPlatform
[2016.10.12-13.04.05:888][  0]LogTemp:Display: Loaded TP LinuxNoEditorTargetPlatform
[2016.10.12-13.04.05:895][  0]LogTemp:Display: Loaded TP LinuxServerTargetPlatform
[2016.10.12-13.04.05:902][  0]LogTemp:Display: Loaded TP LinuxTargetPlatform
[2016.10.12-13.04.05:902][  0]LogTargetPlatformManager:Display: Building Assets For Windows
[2016.10.12-13.04.05:968][  0]LogDerivedDataCache:Display: Max Cache Size: 512 MB
[2016.10.12-13.04.06:033][  0]LogDerivedDataCache: Loaded boot cache 0.06s 62MB C:/Users/SIG/AppData/Local/UnrealEngine/4.13/DerivedDataCache/Boot.ddc.
[2016.10.12-13.04.06:033][  0]LogDerivedDataCache:Display: Loaded Boot cache: C:/Users/SIG/AppData/Local/UnrealEngine/4.13/DerivedDataCache/Boot.ddc
[2016.10.12-13.04.06:033][  0]LogDerivedDataCache: FDerivedDataBackendGraph:  Pak pak cache file ../../../../../../sig/Dark-Woods/Source/DerivedDataCache/DDC.ddp not found, will not use a pak cache.
[2016.10.12-13.04.06:033][  0]LogDerivedDataCache: Unable to find inner node Pak for hierarchical cache Hierarchy.
[2016.10.12-13.04.06:033][  0]LogDerivedDataCache: FDerivedDataBackendGraph:  CompressedPak pak cache file ../../../../../../sig/Dark-Woods/Source/DerivedDataCache/Compressed.ddp not found, will not use a pak cache.
[2016.10.12-13.04.06:033][  0]LogDerivedDataCache: Unable to find inner node CompressedPak for hierarchical cache Hierarchy.
[2016.10.12-13.04.06:048][  0]LogDerivedDataCache:Display: Pak cache opened for reading ../../../Engine/DerivedDataCache/Compressed.ddp.
[2016.10.12-13.04.06:059][  0]LogDerivedDataCache: Using Local data cache path C:/Users/SIG/AppData/Local/UnrealEngine/Common/DerivedDataCache: Writable
[2016.10.12-13.04.06:268][  0]LogInit: Selected Device Profile: [Windows]
[2016.10.12-13.04.06:271][  0]LogMaterial: Uniform references updated for custom material expression Custom.
[2016.10.12-13.04.06:272][  0]LogContentStreaming: Texture pool size is 0.00 MB
[2016.10.12-13.04.06:422][  0]LogMeshUtilities: No automatic mesh reduction module available
[2016.10.12-13.04.06:422][  0]LogMeshUtilities: No automatic mesh merging module available
[2016.10.12-13.04.06:422][  0]LogMeshUtilities: No distributed automatic mesh merging module available
[2016.10.12-13.04.06:738][  0]LogNetVersion: GetLocalNetworkVersion: CL: 3106830, ProjectName: darkwoods, ProjectVersion: , EngineNetworkVersion: 1, GameNetworkVersion: 0, NetworkChecksum: 2318709164
[2016.10.12-13.04.06:773][  0]LogAssetRegistry: FAssetRegistry took 0.0205 seconds to start up
[2016.10.12-13.04.06:872][  0]LogPackageLocalizationCache: Processed 3 localized package path(s) for 2 prioritized culture(s) in 0.098162 seconds
[2016.10.12-13.04.06:880][  0]LogUObjectArray: 29777 objects as part of root set at end of initial load.
[2016.10.12-13.04.06:880][  0]LogUObjectAllocator: 6124704 out of 0 bytes used by permanent object pool.
[2016.10.12-13.04.06:880][  0]LogUObjectArray: CloseDisregardForGC: 0/0 objects in disregard for GC pool
[2016.10.12-13.04.06:889][  0]LogInit: WinSock: version 1.1 (2.2), MaxSocks=32767, MaxUdp=65467
[2016.10.12-13.04.07:095][  0]LogSlate: SlateFontCache - WITH_FREETYPE: 1, WITH_HARFBUZZ: 1
[2016.10.12-13.04.07:095][  0]LogSlate: SlateFontCache - WITH_FREETYPE: 1, WITH_HARFBUZZ: 1
[2016.10.12-13.04.07:659][  0]LogUdpMessaging: Initializing bridge on interface 0.0.0.0:0 to multicast group 230.0.0.1:6666.
[2016.10.12-13.04.08:012][  0]SourceControl: Informações Controle de origem desativado
[2016.10.12-13.04.11:685][  0]LogEngine: Initializing Engine...
[2016.10.12-13.04.11:686][  0]LogHMD: Failed to initialize OpenVR with code 110
[2016.10.12-13.04.11:810][  0]LogAIModule: Creating AISystem for world Untitled
[2016.10.12-13.04.11:824][  0]LogInit: XAudio2 using 'Alto-falantes (Dispositivo de High Definition Audio)' : 2 channels at 44.1 kHz using 16 bits per sample (channel mask 0x3)
[2016.10.12-13.04.11:832][  0]LogInit: FAudioDevice initialized.
[2016.10.12-13.04.11:866][  0]LogDerivedDataCache: Saved boot cache 0.03s 62MB C:/Users/SIG/AppData/Local/UnrealEngine/4.13/DerivedDataCache/Boot.ddc.
[2016.10.12-13.04.11:873][  0]LogInit: Texture streaming: Enabled
[2016.10.12-13.04.11:911][  0]LogInit: Transaction tracking system initialized
[2016.10.12-13.04.11:931][  0]BlueprintLog: New page: Carregar Editor
[2016.10.12-13.04.12:062][  0]LocalizationService: Informações Localization service is disabled
[2016.10.12-13.04.12:143][  0]LogConsoleResponse:Display: 
[2016.10.12-13.04.12:266][  0]LogCook:Display: Max memory allowance for cook 16384mb min free memory 0mb
[2016.10.12-13.04.12:266][  0]LogCook:Display: Mobile HDR setting 1
[2016.10.12-13.04.13:421][  0]LogFileCache: Scanning file cache for directory 'C:/sig/Dark-Woods/Source/Content/' took 0.01s
[2016.10.12-13.04.13:421][  0]Cmd: MAP LOAD FILE="../../../../../../sig/Dark-Woods/Source/Content/TopDownBP/Maps/TopDownExampleMap.umap" TEMPLATE=0 SHOWPROGRESS=1 FEATURELEVEL=3
[2016.10.12-13.04.13:435][  0]LightingResults: New page: Compilação de Iluminação
[2016.10.12-13.04.13:437][  0]MapCheck: New page: Verificação de Mapa
[2016.10.12-13.04.13:437][  0]LightingResults: New page: Compilação de Iluminação
[2016.10.12-13.04.15:514][  0]LogTexture:Display: Criando texturas: HQ_Lightmap0_6 (AutoDXT)
[2016.10.12-13.04.15:570][  0]LogTexture:Display: Criando texturas: HQ_Lightmap1_1 (AutoDXT)
[2016.10.12-13.04.15:648][  0]LogTexture:Display: Criando texturas: HQ_Lightmap1_2 (AutoDXT)
[2016.10.12-13.04.15:691][  0]LogTexture:Display: Criando texturas: HQ_Lightmap1_3 (AutoDXT)
[2016.10.12-13.04.15:748][  0]LogTexture:Display: Criando texturas: HQ_Lightmap1_4 (AutoDXT)
[2016.10.12-13.04.15:774][  0]LogTexture:Display: Criando texturas: HQ_Lightmap1_5 (AutoDXT)
[2016.10.12-13.04.15:821][  0]LogTexture:Display: Criando texturas: LQ_Lightmap_0_6 (DXT1)
[2016.10.12-13.04.15:842][  0]LogTexture:Display: Criando texturas: LQ_Lightmap_1_1 (DXT1)
[2016.10.12-13.04.15:891][  0]LogTexture:Display: Criando texturas: LQ_Lightmap_1_2 (DXT1)
[2016.10.12-13.04.15:927][  0]LogTexture:Display: Criando texturas: LQ_Lightmap_1_3 (DXT1)
[2016.10.12-13.04.15:955][  0]LogTexture:Display: Criando texturas: LQ_Lightmap_1_4 (DXT1)
[2016.10.12-13.04.15:979][  0]LogTexture:Display: Criando texturas: LQ_Lightmap_1_5 (DXT1)
[2016.10.12-13.04.16:018][  0]LogTexture:Display: Criando texturas: SkyOcclusion1_1 (AutoDXT)
[2016.10.12-13.04.16:059][  0]LogTexture:Display: Criando texturas: SkyOcclusion1_2 (AutoDXT)
[2016.10.12-13.04.16:108][  0]LogTexture:Display: Criando texturas: SkyOcclusion1_3 (AutoDXT)
[2016.10.12-13.04.16:151][  0]LogTexture:Display: Criando texturas: SkyOcclusion1_4 (AutoDXT)
[2016.10.12-13.04.16:164][  0]LogTexture:Display: Criando texturas: SkyOcclusion1_5 (AutoDXT)
[2016.10.12-13.04.16:189][  0]LogTexture:Display: Criando texturas: SkyOcclusion1_6 (AutoDXT)
[2016.10.12-13.04.16:498][  0]LogAIModule: Creating AISystem for world TopDownExampleMap
[2016.10.12-13.04.16:735][  0]LogEditorServer: Finished looking for orphan Actors (0.000 secs)
[2016.10.12-13.04.16:759][  0]Cmd: MAP CHECKDEP NOCLEARLOG
[2016.10.12-13.04.16:813][  0]MapCheck: Informações Map check complete: 0 Error(s), 0 Warning(s), took 53,9ms to complete.
[2016.10.12-13.04.16:813][  0]LogFileHelpers: Loading map 'TopDownExampleMap' took 3.392
[2016.10.12-13.04.17:510][  0]LogCollectionManager: Loaded 0 collections in 0.001323 seconds
[2016.10.12-13.04.17:780][  0]LogFileCache: Scanning file cache for directory 'C:/sig/Dark-Woods/Source/Saved/Collections/' took 0.01s
[2016.10.12-13.04.17:780][  0]LogFileCache: Scanning file cache for directory 'C:/sig/Dark-Woods/Source/Content/Developers/SIG/Collections/' took 0.01s
[2016.10.12-13.04.17:780][  0]LogFileCache: Scanning file cache for directory 'C:/sig/Dark-Woods/Source/Content/Collections/' took 0.01s
[2016.10.12-13.04.17:780][  0]LogCollectionManager: Rebuilt the GUID cache for 0 collections in 0.000002 seconds
[2016.10.12-13.04.17:813][  0]LogContentBrowser: Native class hierarchy populated in 0.0303 seconds. Added 2141 classes and 415 folders.
[2016.10.12-13.04.17:847][  0]LogStats: UGameplayTagsManager::ConstructGameplayTagTree: Construct from data asset -  0.000 s
[2016.10.12-13.04.17:847][  0]LogStats: UGameplayTagsManager::ConstructGameplayTagTree: GameplayTagTreeChangedEvent.Broadcast -  0.000 s
[2016.10.12-13.04.17:856][  0]LogContentBrowser: Native class hierarchy updated for 'GameplayTags' in 0.0010 seconds. Added 12 classes and 0 folders.
[2016.10.12-13.04.17:877][  0]LogContentBrowser: Native class hierarchy updated for 'WidgetCarousel' in 0.0008 seconds. Added 0 classes and 0 folders.
[2016.10.12-13.04.20:222][  0]LogContentBrowser: Native class hierarchy updated for 'AddContentDialog' in 0.0009 seconds. Added 0 classes and 0 folders.
[2016.10.12-13.04.20:307][  0]LogContentBrowser: Native class hierarchy updated for 'SceneOutliner' in 0.0009 seconds. Added 1 classes and 2 folders.
[2016.10.12-13.04.20:684][  0]LogCrashTracker: Crashtracker disabled due to settings.
[2016.10.12-13.04.20:782][  0]LogUObjectGlobals:Warning: Falha ao encontrar objeto “Class Nenhum.”
[2016.10.12-13.04.20:833][  0]LogContentBrowser: Native class hierarchy updated for 'HierarchicalLODOutliner' in 0.0009 seconds. Added 1 classes and 2 folders.
[2016.10.12-13.04.20:834][  0]LogLoad: (Engine Initialization) Total time: 20.03 seconds
[2016.10.12-13.04.20:834][  0]LogLoad: (Engine Initialization) Total Blueprint compile time: 0.30 seconds
[2016.10.12-13.04.20:834][  0]LogExternalProfiler: No external profilers were discovered.  External profiling features will not be available.
[2016.10.12-13.04.20:845][  0]LogOcInput: OculusInput pre-init called
[2016.10.12-13.04.20:924][  0]SourceControl: Informações On branch master
[2016.10.12-13.04.20:925][  0]SourceControl: Informações Your branch is up-to-date with 'origin/master'.
[2016.10.12-13.04.20:925][  0]SourceControl: Informações Changes to be committed:
[2016.10.12-13.04.20:925][  0]SourceControl: Informações   (use "git reset HEAD <file>..." to unstage)
[2016.10.12-13.04.20:925][  0]SourceControl: Informações 	new file:   Source/Config/DefaultEditor.ini
[2016.10.12-13.04.20:925][  0]SourceControl: Informações 	new file:   Source/Config/DefaultEditorPerProjectUserSettings.ini
[2016.10.12-13.04.20:925][  0]SourceControl: Informações 	new file:   Source/Config/DefaultEngine.ini
[2016.10.12-13.04.20:925][  0]SourceControl: Informações 	new file:   Source/Config/DefaultGame.ini
[2016.10.12-13.04.20:925][  0]SourceControl: Informações 	new file:   Source/Config/DefaultInput.ini
[2016.10.12-13.04.20:925][  0]SourceControl: Informações 	new file:   Source/Content/Geometry/Meshes/1M_Cube.uasset
[2016.10.12-13.04.20:925][  0]SourceControl: Informações 	new file:   Source/Content/Geometry/Meshes/1M_Cube_Chamfer.uasset
[2016.10.12-13.04.20:925][  0]SourceControl: Informações 	new file:   Source/Content/Geometry/Meshes/CubeMaterial.uasset
[2016.10.12-13.04.20:925][  0]SourceControl: Informações 	new file:   Source/Content/Geometry/Meshes/TemplateFloor.uasset
[2016.10.12-13.04.20:925][  0]SourceControl: Informações 	new file:   Source/Content/Mannequin/Animations/ThirdPersonIdle.uasset
[2016.10.12-13.04.20:925][  0]SourceControl: Informações 	new file:   Source/Content/Mannequin/Animations/ThirdPersonJump_End.uasset
[2016.10.12-13.04.20:925][  0]SourceControl: Informações 	new file:   Source/Content/Mannequin/Animations/ThirdPersonJump_Loop.uasset
[2016.10.12-13.04.20:925][  0]SourceControl: Informações 	new file:   Source/Content/Mannequin/Animations/ThirdPersonJump_Start.uasset
[2016.10.12-13.04.20:925][  0]SourceControl: Informações 	new file:   Source/Content/Mannequin/Animations/ThirdPersonRun.uasset
[2016.10.12-13.04.20:925][  0]SourceControl: Informações 	new file:   Source/Content/Mannequin/Animations/ThirdPersonWalk.uasset
[2016.10.12-13.04.20:925][  0]SourceControl: Informações 	new file:   Source/Content/Mannequin/Animations/ThirdPerson_AnimBP.uasset
[2016.10.12-13.04.20:925][  0]SourceControl: Informações 	new file:   Source/Content/Mannequin/Animations/ThirdPerson_IdleRun_2D.uasset
[2016.10.12-13.04.20:925][  0]SourceControl: Informações 	new file:   Source/Content/Mannequin/Animations/ThirdPerson_Jump.uasset
[2016.10.12-13.04.20:925][  0]SourceControl: Informações 	new file:   Source/Content/Mannequin/Character/Materials/M_UE4Man_Body.uasset
[2016.10.12-13.04.20:925][  0]SourceControl: Informações 	new file:   Source/Content/Mannequin/Character/Materials/M_UE4Man_ChestLogo.uasset
[2016.10.12-13.04.20:925][  0]SourceControl: Informações 	new file:   Source/Content/Mannequin/Character/Materials/MaterialLayers/ML_GlossyBlack_Latex_UE4.uasset
[2016.10.12-13.04.20:925][  0]SourceControl: Informações 	new file:   Source/Content/Mannequin/Character/Materials/MaterialLayers/ML_Plastic_Shiny_Beige.uasset
[2016.10.12-13.04.20:926][  0]SourceControl: Informações 	new file:   Source/Content/Mannequin/Character/Materials/MaterialLayers/ML_Plastic_Shiny_Beige_LOGO.uasset
[2016.10.12-13.04.20:926][  0]SourceControl: Informações 	new file:   Source/Content/Mannequin/Character/Materials/MaterialLayers/ML_SoftMetal_UE4.uasset
[2016.10.12-13.04.20:926][  0]SourceControl: Informações 	new file:   Source/Content/Mannequin/Character/Materials/MaterialLayers/T_ML_Aluminum01.uasset
[2016.10.12-13.04.20:926][  0]SourceControl: Informações 	new file:   Source/Content/Mannequin/Character/Materials/MaterialLayers/T_ML_Aluminum01_N.uasset
[2016.10.12-13.04.20:926][  0]SourceControl: Informações 	new file:   Source/Content/Mannequin/Character/Materials/MaterialLayers/T_ML_Rubber_Blue_01_D.uasset
[2016.10.12-13.04.20:926][  0]SourceControl: Informações 	new file:   Source/Content/Mannequin/Character/Materials/MaterialLayers/T_ML_Rubber_Blue_01_N.uasset
[2016.10.12-13.04.20:926][  0]SourceControl: Informações 	new file:   Source/Content/Mannequin/Character/Mesh/SK_Mannequin.uasset
[2016.10.12-13.04.20:926][  0]SourceControl: Informações 	new file:   Source/Content/Mannequin/Character/Mesh/SK_Mannequin_PhysicsAsset.uasset
[2016.10.12-13.04.20:926][  0]SourceControl: Informações 	new file:   Source/Content/Mannequin/Character/Mesh/UE4_Mannequin_Skeleton.uasset
[2016.10.12-13.04.20:926][  0]SourceControl: Informações 	new file:   Source/Content/Mannequin/Character/Textures/UE4Man_Logo_N.uasset
[2016.10.12-13.04.20:926][  0]SourceControl: Informações 	new file:   Source/Content/Mannequin/Character/Textures/UE4_LOGO_CARD.uasset
[2016.10.12-13.04.20:926][  0]SourceControl: Informações 	new file:   Source/Content/Mannequin/Character/Textures/UE4_Mannequin_MAT_MASKA.uasset
[2016.10.12-13.04.20:926][  0]SourceControl: Informações 	new file:   Source/Content/Mannequin/Character/Textures/UE4_Mannequin__normals.uasset
[2016.10.12-13.04.20:926][  0]SourceControl: Informações 	new file:   Source/Content/StarterContent/Architecture/Floor_400x400.uasset
[2016.10.12-13.04.20:926][  0]SourceControl: Informações 	new file:   Source/Content/StarterContent/Architecture/Pillar_50x500.uasset
[2016.10.12-13.04.20:926][  0]SourceControl: Informações 	new file:   Source/Content/StarterContent/Architecture/SM_AssetPlatform.uasset
[2016.10.12-13.04.20:926][  0]SourceControl: Informações 	new file:   Source/Content/StarterContent/Architecture/Wall_400x200.uasset
[2016.10.12-13.04.20:926][  0]SourceControl: Informações 	new file:   Source/Content/StarterContent/Architecture/Wall_400x300.uasset
[2016.10.12-13.04.20:926][  0]SourceControl: Informações 	new file:   Source/Content/StarterContent/Architecture/Wall_400x400.uasset
[2016.10.12-13.04.20:926][  0]SourceControl: Informações 	new file:   Source/Content/StarterContent/Architecture/Wall_500x500.uasset
[2016.10.12-13.04.20:926][  0]SourceControl: Informações 	new file:   Source/Content/StarterContent/Architecture/Wall_Door_400x300.uasset
[2016.10.12-13.04.20:926][  0]SourceControl: Informações 	new file:   Source/Content/StarterContent/Architecture/Wall_Door_400x400.uasset
[2016.10.12-13.04.20:926][  0]SourceControl: Informações 	new file:   Source/Content/StarterContent/Architecture/Wall_Window_400x300.uasset
[2016.10.12-13.04.20:926][  0]SourceControl: Informações 	new file:   Source/Content/StarterContent/Architecture/Wall_Window_400x400.uasset
[2016.10.12-13.04.20:926][  0]SourceControl: Informações 	new file:   Source/Content/StarterContent/Audio/Collapse01.uasset
[2016.10.12-13.04.20:926][  0]SourceControl: Informações 	new file:   Source/Content/StarterContent/Audio/Collapse02.uasset
[2016.10.12-13.04.20:927][  0]SourceControl: Informações 	new file:   Source/Content/StarterContent/Audio/Collapse_Cue.uasset
[2016.10.12-13.04.20:927][  0]SourceControl: Informações 	new file:   Source/Content/StarterContent/Audio/Explosion01.uasset
[2016.10.12-13.04.20:927][  0]SourceControl: Informações 	new file:   Source/Content/StarterContent/Audio/Explosion02.uasset
[2016.10.12-13.04.20:927][  0]SourceControl: Informações 	new file:   Source/Content/StarterContent/Audio/Explosion_Cue.uasset
[2016.10.12-13.04.20:927][  0]SourceControl: Informações 	new file:   Source/Content/StarterContent/Audio/Fire01.uasset
[2016.10.12-13.04.20:927][  0]SourceControl: Informações 	new file:   Source/Content/StarterContent/Audio/Fire01_Cue.uasset
[2016.10.12-13.04.20:927][  0]SourceControl: Informações 	new file:   Source/Content/StarterContent/Audio/Fire_Sparks01.uasset
[2016.10.12-13.04.20:927][  0]SourceControl: Informações 	new file:   Source/Content/StarterContent/Audio/Fire_Sparks01_Cue.uasset
[2016.10.12-13.04.20:927][  0]SourceControl: Informações 	new file:   Source/Content/StarterContent/Audio/Light01.uasset
[2016.10.12-13.04.20:927][  0]SourceControl: Informações 	new file:   Source/Content/StarterContent/Audio/Light01_Cue.uasset
[2016.10.12-13.04.20:927][  0]SourceControl: Informações 	new file:   Source/Content/StarterContent/Audio/Light02.uasset
[2016.10.12-13.04.20:927][  0]SourceControl: Informações 	new file:   Source/Content/StarterContent/Audio/Light02_Cue.uasset
[2016.10.12-13.04.20:927][  0]SourceControl: Informações 	new file:   Source/Content/StarterContent/Audio/Smoke01.uasset
[2016.10.12-13.04.20:927][  0]SourceControl: Informações 	new file:   Source/Content/StarterContent/Audio/Smoke01_Cue.uasset
[2016.10.12-13.04.20:927][  0]SourceControl: Informações 	new file:   Source/Content/StarterContent/Audio/Starter_Background_Cue.uasset
[2016.10.12-13.04.20:927][  0]SourceControl: Informações 	new file:   Source/Content/StarterContent/Audio/Starter_Birds01.uasset
[2016.10.12-13.04.20:927][  0]SourceControl: Informações 	new file:   Source/Content/StarterContent/Audio/Starter_Music01.uasset
[2016.10.12-13.04.20:927][  0]SourceControl: Informações 	new file:   Source/Content/StarterContent/Audio/Starter_Music_Cue.uasset
[2016.10.12-13.04.20:927][  0]SourceControl: Informações 	new file:   Source/Content/StarterContent/Audio/Starter_Wind05.uasset
[2016.10.12-13.04.20:927][  0]SourceControl: Informações 	new file:   Source/Content/StarterContent/Audio/Starter_Wind06.uasset
[2016.10.12-13.04.20:927][  0]SourceControl: Informações 	new file:   Source/Content/StarterContent/Audio/Steam01.uasset
[2016.10.12-13.04.20:927][  0]SourceControl: Informações 	new file:   Source/Content/StarterContent/Audio/Steam01_Cue.uasset
[2016.10.12-13.04.20:927][  0]SourceControl: Informações 	new file:   Source/Content/StarterContent/Blueprints/Assets/FogBrightnessLUT.uasset
[2016.10.12-13.04.20:927][  0]SourceControl: Informações 	new file:   Source/Content/StarterContent/Blueprints/Assets/M_LightStage_Arrows.uasset
[2016.10.12-13.04.20:927][  0]SourceControl: Informações 	new file:   Source/Content/StarterContent/Blueprints/Assets/M_LightStage_Skybox_Black.uasset
[2016.10.12-13.04.20:927][  0]SourceControl: Informações 	new file:   Source/Content/StarterContent/Blueprints/Assets/M_LightStage_Skybox_HDRI.uasset
[2016.10.12-13.04.20:928][  0]SourceControl: Informações 	new file:   Source/Content/StarterContent/Blueprints/Assets/M_LightStage_Skybox_Master.uasset
[2016.10.12-13.04.20:928][  0]SourceControl: Informações 	new file:   Source/Content/StarterContent/Blueprints/Assets/SM_Arrows.uasset
[2016.10.12-13.04.20:928][  0]SourceControl: Informações 	new file:   Source/Content/StarterContent/Blueprints/Assets/Skybox.uasset
[2016.10.12-13.04.20:928][  0]SourceControl: Informações 	new file:   Source/Content/StarterContent/Blueprints/Assets/SunlightColorLUT.uasset
[2016.10.12-13.04.20:928][  0]SourceControl: Informações 	new file:   Source/Content/StarterContent/Blueprints/BP_LightStudio.uasset
[2016.10.12-13.04.20:928][  0]SourceControl: Informações 	new file:   Source/Content/StarterContent/Blueprints/Blueprint_CeilingLight.uasset
[2016.10.12-13.04.20:928][  0]SourceControl: Informações 	new file:   Source/Content/StarterContent/Blueprints/Blueprint_Effect_Explosion.uasset
[2016.10.12-13.04.20:928][  0]SourceControl: Informações 	new file:   Source/Content/StarterContent/Blueprints/Blueprint_Effect_Fire.uasset
[2016.10.12-13.04.20:928][  0]SourceControl: Informações 	new file:   Source/Content/StarterContent/Blueprints/Blueprint_Effect_Smoke.uasset
[2016.10.12-13.04.20:928][  0]SourceControl: Informações 	new file:   Source/Content/StarterContent/Blueprints/Blueprint_Effect_Sparks.uasset
[2016.10.12-13.04.20:928][  0]SourceControl: Informações 	new file:   Source/Content/StarterContent/Blueprints/Blueprint_Effect_Steam.uasset
[2016.10.12-13.04.20:928][  0]SourceControl: Informações 	new file:   Source/Content/StarterContent/Blueprints/Blueprint_WallSconce.uasset
[2016.10.12-13.04.20:928][  0]SourceControl: Informações 	new file:   Source/Content/StarterContent/HDRI/HDRI_Epic_Courtyard_Daylight.uasset
[2016.10.12-13.04.20:928][  0]SourceControl: Informações 	new file:   Source/Content/StarterContent/Maps/Advanced_Lighting.umap
[2016.10.12-13.04.20:928][  0]SourceControl: Informações 	new file:   Source/Content/StarterContent/Maps/Minimal_Default.umap
[2016.10.12-13.04.20:928][  0]SourceControl: Informações 	new file:   Source/Content/StarterContent/Maps/StarterMap.umap
[2016.10.12-13.04.20:928][  0]SourceControl: Informações 	new file:   Source/Content/StarterContent/Materials/M_AssetPlatform.uasset
[2016.10.12-13.04.20:928][  0]SourceControl: Informações 	new file:   Source/Content/StarterContent/Materials/M_Basic_Floor.uasset
[2016.10.12-13.04.20:928][  0]SourceControl: Informações 	new file:   Source/Content/StarterContent/Materials/M_Basic_Wall.uasset
[2016.10.12-13.04.20:928][  0]SourceControl: Informações 	new file:   Source/Content/StarterContent/Materials/M_Brick_Clay_Beveled.uasset
[2016.10.12-13.04.20:928][  0]SourceControl: Informações 	new file:   Source/Content/StarterContent/Materials/M_Brick_Clay_New.uasset
[2016.10.12-13.04.20:928][  0]SourceControl: Informações 	new file:   Source/Content/StarterContent/Materials/M_Brick_Clay_Old.uasset
[2016.10.12-13.04.20:928][  0]SourceControl: Informações 	new file:   Source/Content/StarterContent/Materials/M_Brick_Cut_Stone.uasset
[2016.10.12-13.04.20:928][  0]SourceControl: Informações 	new file:   Source/Content/StarterContent/Materials/M_Brick_Hewn_Stone.uasset
[2016.10.12-13.04.20:928][  0]SourceControl: Informações 	new file:   Source/Content/StarterContent/Materials/M_Ceramic_Tile_Checker.uasset
[2016.10.12-13.04.20:928][  0]SourceControl: Informações 	new file:   Source/Content/StarterContent/Materials/M_CobbleStone_Pebble.uasset
[2016.10.12-13.04.20:929][  0]SourceControl: Informações 	new file:   Source/Content/StarterContent/Materials/M_CobbleStone_Rough.uasset
[2016.10.12-13.04.20:929][  0]SourceControl: Informações 	new file:   Source/Content/StarterContent/Materials/M_CobbleStone_Smooth.uasset
[2016.10.12-13.04.20:929][  0]SourceControl: Informações 	new file:   Source/Content/StarterContent/Materials/M_ColorGrid_LowSpec.uasset
[2016.10.12-13.04.20:929][  0]SourceControl: Informações 	new file:   Source/Content/StarterContent/Materials/M_Concrete_Grime.uasset
[2016.10.12-13.04.20:929][  0]SourceControl: Informações 	new file:   Source/Content/StarterContent/Materials/M_Concrete_Panels.uasset
[2016.10.12-13.04.20:929][  0]SourceControl: Informações 	new file:   Source/Content/StarterContent/Materials/M_Concrete_Poured.uasset
[2016.10.12-13.04.20:929][  0]SourceControl: Informações 	new file:   Source/Content/StarterContent/Materials/M_Concrete_Tiles.uasset
[2016.10.12-13.04.20:929][  0]SourceControl: Informações 	new file:   Source/Content/StarterContent/Materials/M_Glass.uasset
[2016.10.12-13.04.20:929][  0]SourceControl: Informações 	new file:   Source/Content/StarterContent/Materials/M_Ground_Grass.uasset
[2016.10.12-13.04.20:929][  0]SourceControl: Informações 	new file:   Source/Content/StarterContent/Materials/M_Ground_Gravel.uasset
[2016.10.12-13.04.20:929][  0]SourceControl: Informações 	new file:   Source/Content/StarterContent/Materials/M_Ground_Moss.uasset
[2016.10.12-13.04.20:929][  0]SourceControl: Informações 	new file:   Source/Content/StarterContent/Materials/M_Metal_Brushed_Nickel.uasset
[2016.10.12-13.04.20:929][  0]SourceControl: Informações 	new file:   Source/Content/StarterContent/Materials/M_Metal_Burnished_Steel.uasset
[2016.10.12-13.04.20:929][  0]SourceControl: Informações 	new file:   Source/Content/StarterContent/Materials/M_Metal_Chrome.uasset
[2016.10.12-13.04.20:929][  0]SourceControl: Informações 	new file:   Source/Content/StarterContent/Materials/M_Metal_Copper.uasset
[2016.10.12-13.04.20:929][  0]SourceControl: Informações 	new file:   Source/Content/StarterContent/Materials/M_Metal_Gold.uasset
[2016.10.12-13.04.20:929][  0]SourceControl: Informações 	new file:   Source/Content/StarterContent/Materials/M_Metal_Rust.uasset
[2016.10.12-13.04.20:929][  0]SourceControl: Informações 	new file:   Source/Content/StarterContent/Materials/M_Metal_Steel.uasset
[2016.10.12-13.04.20:929][  0]SourceControl: Informações 	new file:   Source/Content/StarterContent/Materials/M_Rock_Basalt.uasset
[2016.10.12-13.04.20:929][  0]SourceControl: Informações 	new file:   Source/Content/StarterContent/Materials/M_Rock_Marble_Polished.uasset
[2016.10.12-13.04.20:929][  0]SourceControl: Informações 	new file:   Source/Content/StarterContent/Materials/M_Rock_Sandstone.uasset
[2016.10.12-13.04.20:929][  0]SourceControl: Informações 	new file:   Source/Content/StarterContent/Materials/M_Rock_Slate.uasset
[2016.10.12-13.04.20:929][  0]SourceControl: Informações 	new file:   Source/Content/StarterContent/Materials/M_Tech_Checker_Dot.uasset
[2016.10.12-13.04.20:929][  0]SourceControl: Informações 	new file:   Source/Content/StarterContent/Materials/M_Tech_Hex_Tile.uasset
[2016.10.12-13.04.20:929][  0]SourceControl: Informações 	new file:   Source/Content/StarterContent/Materials/M_Tech_Hex_Tile_Pulse.uasset
[2016.10.12-13.04.20:929][  0]SourceControl: Informações 	new file:   Source/Content/StarterContent/Materials/M_Tech_Panel.uasset
[2016.10.12-13.04.20:930][  0]SourceControl: Informações 	new file:   Source/Content/StarterContent/Materials/M_Water_Lake.uasset
[2016.10.12-13.04.20:930][  0]SourceControl: Informações 	new file:   Source/Content/StarterContent/Materials/M_Water_Ocean.uasset
[2016.10.12-13.04.20:930][  0]SourceControl: Informações 	new file:   Source/Content/StarterContent/Materials/M_Wood_Floor_Walnut_Polished.uasset
[2016.10.12-13.04.20:930][  0]SourceControl: Informações 	new file:   Source/Content/StarterContent/Materials/M_Wood_Floor_Walnut_Worn.uasset
[2016.10.12-13.04.20:930][  0]SourceControl: Informações 	new file:   Source/Content/StarterContent/Materials/M_Wood_Oak.uasset
[2016.10.12-13.04.20:930][  0]SourceControl: Informações 	new file:   Source/Content/StarterContent/Materials/M_Wood_Pine.uasset
[2016.10.12-13.04.20:930][  0]SourceControl: Informações 	new file:   Source/Content/StarterContent/Materials/M_Wood_Walnut.uasset
[2016.10.12-13.04.20:930][  0]SourceControl: Informações 	new file:   Source/Content/StarterContent/Particles/Materials/M_Burst.uasset
[2016.10.12-13.04.20:930][  0]SourceControl: Informações 	new file:   Source/Content/StarterContent/Particles/Materials/M_Dust_Particle.uasset
[2016.10.12-13.04.20:930][  0]SourceControl: Informações 	new file:   Source/Content/StarterContent/Particles/Materials/M_Fire_SubUV.uasset
[2016.10.12-13.04.20:930][  0]SourceControl: Informações 	new file:   Source/Content/StarterContent/Particles/Materials/M_Heat_Distortion.uasset
[2016.10.12-13.04.20:930][  0]SourceControl: Informações 	new file:   Source/Content/StarterContent/Particles/Materials/M_Radial_Gradient.uasset
[2016.10.12-13.04.20:930][  0]SourceControl: Informações 	new file:   Source/Content/StarterContent/Particles/Materials/M_Spark.uasset
[2016.10.12-13.04.20:930][  0]SourceControl: Informações 	new file:   Source/Content/StarterContent/Particles/Materials/M_explosion_subUV.uasset
[2016.10.12-13.04.20:930][  0]SourceControl: Informações 	new file:   Source/Content/StarterContent/Particles/Materials/M_radial_ramp.uasset
[2016.10.12-13.04.20:930][  0]SourceControl: Informações 	new file:   Source/Content/StarterContent/Particles/Materials/M_smoke_subUV.uasset
[2016.10.12-13.04.20:930][  0]SourceControl: Informações 	new file:   Source/Content/StarterContent/Particles/Materials/m_flare_01.uasset
[2016.10.12-13.04.20:930][  0]SourceControl: Informações 	new file:   Source/Content/StarterContent/Particles/P_Ambient_Dust.uasset
[2016.10.12-13.04.20:930][  0]SourceControl: Informações 	new file:   Source/Content/StarterContent/Particles/P_Explosion.uasset
[2016.10.12-13.04.20:930][  0]SourceControl: Informações 	new file:   Source/Content/StarterContent/Particles/P_Fire.uasset
[2016.10.12-13.04.20:930][  0]SourceControl: Informações 	new file:   Source/Content/StarterContent/Particles/P_Smoke.uasset
[2016.10.12-13.04.20:930][  0]SourceControl: Informações 	new file:   Source/Content/StarterContent/Particles/P_Sparks.uasset
[2016.10.12-13.04.20:930][  0]SourceControl: Informações 	new file:   Source/Content/StarterContent/Particles/P_Steam_Lit.uasset
[2016.10.12-13.04.20:930][  0]SourceControl: Informações 	new file:   Source/Content/StarterContent/Props/MaterialSphere.uasset
[2016.10.12-13.04.20:930][  0]SourceControl: Informações 	new file:   Source/Content/StarterContent/Props/Materials/M_Bush.uasset
[2016.10.12-13.04.20:930][  0]SourceControl: Informações 	new file:   Source/Content/StarterContent/Props/Materials/M_Chair.uasset
[2016.10.12-13.04.20:931][  0]SourceControl: Informações 	new file:   Source/Content/StarterContent/Props/Materials/M_Door.uasset
[2016.10.12-13.04.20:931][  0]SourceControl: Informações 	new file:   Source/Content/StarterContent/Props/Materials/M_Frame.uasset
[2016.10.12-13.04.20:931][  0]SourceControl: Informações 	new file:   Source/Content/StarterContent/Props/Materials/M_Lamp.uasset
[2016.10.12-13.04.20:931][  0]SourceControl: Informações 	new file:   Source/Content/StarterContent/Props/Materials/M_MaterialSphere.uasset
[2016.10.12-13.04.20:931][  0]SourceControl: Informações 	new file:   Source/Content/StarterContent/Props/Materials/M_MaterialSphere_Plain.uasset
[2016.10.12-13.04.20:931][  0]SourceControl: Informações 	new file:   Source/Content/StarterContent/Props/Materials/M_Rock.uasset
[2016.10.12-13.04.20:931][  0]SourceControl: Informações 	new file:   Source/Content/StarterContent/Props/Materials/M_Shelf.uasset
[2016.10.12-13.04.20:931][  0]SourceControl: Informações 	new file:   Source/Content/StarterContent/Props/Materials/M_Statue.uasset
[2016.10.12-13.04.20:931][  0]SourceControl: Informações 	new file:   Source/Content/StarterContent/Props/Materials/M_StatueGlass.uasset
[2016.10.12-13.04.20:931][  0]SourceControl: Informações 	new file:   Source/Content/StarterContent/Props/Materials/M_TableRound.uasset
[2016.10.12-13.04.20:931][  0]SourceControl: Informações 	new file:   Source/Content/StarterContent/Props/SM_Bush.uasset
[2016.10.12-13.04.20:931][  0]SourceControl: Informações 	new file:   Source/Content/StarterContent/Props/SM_Chair.uasset
[2016.10.12-13.04.20:931][  0]SourceControl: Informações 	new file:   Source/Content/StarterContent/Props/SM_CornerFrame.uasset
[2016.10.12-13.04.20:931][  0]SourceControl: Informações 	new file:   Source/Content/StarterContent/Props/SM_Couch.uasset
[2016.10.12-13.04.20:931][  0]SourceControl: Informações 	new file:   Source/Content/StarterContent/Props/SM_Door.uasset
[2016.10.12-13.04.20:931][  0]SourceControl: Informações 	new file:   Source/Content/StarterContent/Props/SM_DoorFrame.uasset
[2016.10.12-13.04.20:931][  0]SourceControl: Informações 	new file:   Source/Content/StarterContent/Props/SM_GlassWindow.uasset
[2016.10.12-13.04.20:931][  0]SourceControl: Informações 	new file:   Source/Content/StarterContent/Props/SM_Lamp_Ceiling.uasset
[2016.10.12-13.04.20:931][  0]SourceControl: Informações 	new file:   Source/Content/StarterContent/Props/SM_Lamp_Wall.uasset
[2016.10.12-13.04.20:931][  0]SourceControl: Informações 	new file:   Source/Content/StarterContent/Props/SM_MatPreviewMesh_02.uasset
[2016.10.12-13.04.20:931][  0]SourceControl: Informações 	new file:   Source/Content/StarterContent/Props/SM_PillarFrame.uasset
[2016.10.12-13.04.20:931][  0]SourceControl: Informações 	new file:   Source/Content/StarterContent/Props/SM_PillarFrame300.uasset
[2016.10.12-13.04.20:931][  0]SourceControl: Informações 	new file:   Source/Content/StarterContent/Props/SM_Rock.uasset
[2016.10.12-13.04.20:931][  0]SourceControl: Informações 	new file:   Source/Content/StarterContent/Props/SM_Shelf.uasset
[2016.10.12-13.04.20:931][  0]SourceControl: Informações 	new file:   Source/Content/StarterContent/Props/SM_Stairs.uasset
[2016.10.12-13.04.20:931][  0]SourceControl: Informações 	new file:   Source/Content/StarterContent/Props/SM_Statue.uasset
[2016.10.12-13.04.20:932][  0]SourceControl: Informações 	new file:   Source/Content/StarterContent/Props/SM_TableRound.uasset
[2016.10.12-13.04.20:932][  0]SourceControl: Informações 	new file:   Source/Content/StarterContent/Props/SM_WindowFrame.uasset
[2016.10.12-13.04.20:932][  0]SourceControl: Informações 	new file:   Source/Content/StarterContent/Shapes/Shape_Cone.uasset
[2016.10.12-13.04.20:932][  0]SourceControl: Informações 	new file:   Source/Content/StarterContent/Shapes/Shape_Cube.uasset
[2016.10.12-13.04.20:932][  0]SourceControl: Informações 	new file:   Source/Content/StarterContent/Shapes/Shape_Cylinder.uasset
[2016.10.12-13.04.20:932][  0]SourceControl: Informações 	new file:   Source/Content/StarterContent/Shapes/Shape_NarrowCapsule.uasset
[2016.10.12-13.04.20:932][  0]SourceControl: Informações 	new file:   Source/Content/StarterContent/Shapes/Shape_Pipe.uasset
[2016.10.12-13.04.20:932][  0]SourceControl: Informações 	new file:   Source/Content/StarterContent/Shapes/Shape_Pipe_180.uasset
[2016.10.12-13.04.20:932][  0]SourceControl: Informações 	new file:   Source/Content/StarterContent/Shapes/Shape_Pipe_90.uasset
[2016.10.12-13.04.20:932][  0]SourceControl: Informações 	new file:   Source/Content/StarterContent/Shapes/Shape_Plane.uasset
[2016.10.12-13.04.20:932][  0]SourceControl: Informações 	new file:   Source/Content/StarterContent/Shapes/Shape_QuadPyramid.uasset
[2016.10.12-13.04.20:932][  0]SourceControl: Informações 	new file:   Source/Content/StarterContent/Shapes/Shape_Sphere.uasset
[2016.10.12-13.04.20:932][  0]SourceControl: Informações 	new file:   Source/Content/StarterContent/Shapes/Shape_Torus.uasset
[2016.10.12-13.04.20:932][  0]SourceControl: Informações 	new file:   Source/Content/StarterContent/Shapes/Shape_TriPyramid.uasset
[2016.10.12-13.04.20:932][  0]SourceControl: Informações 	new file:   Source/Content/StarterContent/Shapes/Shape_Trim.uasset
[2016.10.12-13.04.20:932][  0]SourceControl: Informações 	new file:   Source/Content/StarterContent/Shapes/Shape_Trim_90_In.uasset
[2016.10.12-13.04.20:932][  0]SourceControl: Informações 	new file:   Source/Content/StarterContent/Shapes/Shape_Trim_90_Out.uasset
[2016.10.12-13.04.20:932][  0]SourceControl: Informações 	new file:   Source/Content/StarterContent/Shapes/Shape_Tube.uasset
[2016.10.12-13.04.20:932][  0]SourceControl: Informações 	new file:   Source/Content/StarterContent/Shapes/Shape_Wedge_A.uasset
[2016.10.12-13.04.20:932][  0]SourceControl: Informações 	new file:   Source/Content/StarterContent/Shapes/Shape_Wedge_B.uasset
[2016.10.12-13.04.20:932][  0]SourceControl: Informações 	new file:   Source/Content/StarterContent/Shapes/Shape_WideCapsule.uasset
[2016.10.12-13.04.20:932][  0]SourceControl: Informações 	new file:   Source/Content/StarterContent/Textures/T_Brick_Clay_Beveled_D.uasset
[2016.10.12-13.04.20:932][  0]SourceControl: Informações 	new file:   Source/Content/StarterContent/Textures/T_Brick_Clay_Beveled_M.uasset
[2016.10.12-13.04.20:932][  0]SourceControl: Informações 	new file:   Source/Content/StarterContent/Textures/T_Brick_Clay_Beveled_N.uasset
[2016.10.12-13.04.20:932][  0]SourceControl: Informações 	new file:   Source/Content/StarterContent/Textures/T_Brick_Clay_New_D.uasset
[2016.10.12-13.04.20:932][  0]SourceControl: Informações 	new file:   Source/Content/StarterContent/Textures/T_Brick_Clay_New_M.uasset
[2016.10.12-13.04.20:933][  0]SourceControl: Informações 	new file:   Source/Content/StarterContent/Textures/T_Brick_Clay_New_N.uasset
[2016.10.12-13.04.20:933][  0]SourceControl: Informações 	new file:   Source/Content/StarterContent/Textures/T_Brick_Clay_Old_D.uasset
[2016.10.12-13.04.20:933][  0]SourceControl: Informações 	new file:   Source/Content/StarterContent/Textures/T_Brick_Clay_Old_N.uasset
[2016.10.12-13.04.20:933][  0]SourceControl: Informações 	new file:   Source/Content/StarterContent/Textures/T_Brick_Cut_Stone_D.uasset
[2016.10.12-13.04.20:933][  0]SourceControl: Informações 	new file:   Source/Content/StarterContent/Textures/T_Brick_Cut_Stone_N.uasset
[2016.10.12-13.04.20:933][  0]SourceControl: Informações 	new file:   Source/Content/StarterContent/Textures/T_Brick_Hewn_Stone_D.uasset
[2016.10.12-13.04.20:933][  0]SourceControl: Informações 	new file:   Source/Content/StarterContent/Textures/T_Brick_Hewn_Stone_M.uasset
[2016.10.12-13.04.20:933][  0]SourceControl: Informações 	new file:   Source/Content/StarterContent/Textures/T_Brick_Hewn_Stone_N.uasset
[2016.10.12-13.04.20:933][  0]SourceControl: Informações 	new file:   Source/Content/StarterContent/Textures/T_Burst_M.uasset
[2016.10.12-13.04.20:933][  0]SourceControl: Informações 	new file:   Source/Content/StarterContent/Textures/T_Bush_D.uasset
[2016.10.12-13.04.20:933][  0]SourceControl: Informações 	new file:   Source/Content/StarterContent/Textures/T_Bush_N.uasset
[2016.10.12-13.04.20:933][  0]SourceControl: Informações 	new file:   Source/Content/StarterContent/Textures/T_Ceramic_Tile_M.uasset
[2016.10.12-13.04.20:933][  0]SourceControl: Informações 	new file:   Source/Content/StarterContent/Textures/T_Ceramic_Tile_N.uasset
[2016.10.12-13.04.20:933][  0]SourceControl: Informações 	new file:   Source/Content/StarterContent/Textures/T_Chair_M.uasset
[2016.10.12-13.04.20:933][  0]SourceControl: Informações 	new file:   Source/Content/StarterContent/Textures/T_Chair_N.uasset
[2016.10.12-13.04.20:933][  0]SourceControl: Informações 	new file:   Source/Content/StarterContent/Textures/T_Checker_Noise_M.uasset
[2016.10.12-13.04.20:933][  0]SourceControl: Informações 	new file:   Source/Content/StarterContent/Textures/T_CobbleStone_Pebble_D.uasset
[2016.10.12-13.04.20:933][  0]SourceControl: Informações 	new file:   Source/Content/StarterContent/Textures/T_CobbleStone_Pebble_M.uasset
[2016.10.12-13.04.20:933][  0]SourceControl: Informações 	new file:   Source/Content/StarterContent/Textures/T_CobbleStone_Pebble_N.uasset
[2016.10.12-13.04.20:933][  0]SourceControl: Informações 	new file:   Source/Content/StarterContent/Textures/T_CobbleStone_Rough_D.uasset
[2016.10.12-13.04.20:933][  0]SourceControl: Informações 	new file:   Source/Content/StarterContent/Textures/T_CobbleStone_Rough_N.uasset
[2016.10.12-13.04.20:933][  0]SourceControl: Informações 	new file:   Source/Content/StarterContent/Textures/T_CobbleStone_Smooth_D.uasset
[2016.10.12-13.04.20:933][  0]SourceControl: Informações 	new file:   Source/Content/StarterContent/Textures/T_CobbleStone_Smooth_M.uasset
[2016.10.12-13.04.20:933][  0]SourceControl: Informações 	new file:   Source/Content/StarterContent/Textures/T_CobbleStone_Smooth_N.uasset
[2016.10.12-13.04.20:933][  0]SourceControl: Informações 	new file:   Source/Content/StarterContent/Textures/T_Concrete_Grime_D.uasset
[2016.10.12-13.04.20:933][  0]SourceControl: Informações 	new file:   Source/Content/StarterContent/Textures/T_Concrete_Panels_D.uasset
[2016.10.12-13.04.20:933][  0]SourceControl: Informações 	new file:   Source/Content/StarterContent/Textures/T_Concrete_Panels_N.uasset
[2016.10.12-13.04.20:934][  0]SourceControl: Informações 	new file:   Source/Content/StarterContent/Textures/T_Concrete_Poured_D.uasset
[2016.10.12-13.04.20:934][  0]SourceControl: Informações 	new file:   Source/Content/StarterContent/Textures/T_Concrete_Poured_N.uasset
[2016.10.12-13.04.20:934][  0]SourceControl: Informações 	new file:   Source/Content/StarterContent/Textures/T_Concrete_Tiles_D.uasset
[2016.10.12-13.04.20:934][  0]SourceControl: Informações 	new file:   Source/Content/StarterContent/Textures/T_Concrete_Tiles_M.uasset
[2016.10.12-13.04.20:934][  0]SourceControl: Informações 	new file:   Source/Content/StarterContent/Textures/T_Concrete_Tiles_N.uasset
[2016.10.12-13.04.20:934][  0]SourceControl: Informações 	new file:   Source/Content/StarterContent/Textures/T_Concrete_Tiles_Variation_M.uasset
[2016.10.12-13.04.20:934][  0]SourceControl: Informações 	new file:   Source/Content/StarterContent/Textures/T_Detail_Rocky_N.uasset
[2016.10.12-13.04.20:934][  0]SourceControl: Informações 	new file:   Source/Content/StarterContent/Textures/T_Door_M.uasset
[2016.10.12-13.04.20:934][  0]SourceControl: Informações 	new file:   Source/Content/StarterContent/Textures/T_Door_N.uasset
[2016.10.12-13.04.20:934][  0]SourceControl: Informações 	new file:   Source/Content/StarterContent/Textures/T_Dust_Particle_D.uasset
[2016.10.12-13.04.20:934][  0]SourceControl: Informações 	new file:   Source/Content/StarterContent/Textures/T_Explosion_SubUV.uasset
[2016.10.12-13.04.20:934][  0]SourceControl: Informações 	new file:   Source/Content/StarterContent/Textures/T_Fire_SubUV.uasset
[2016.10.12-13.04.20:934][  0]SourceControl: Informações 	new file:   Source/Content/StarterContent/Textures/T_Fire_Tiled_D.uasset
[2016.10.12-13.04.20:934][  0]SourceControl: Informações 	new file:   Source/Content/StarterContent/Textures/T_Frame_M.uasset
[2016.10.12-13.04.20:934][  0]SourceControl: Informações 	new file:   Source/Content/StarterContent/Textures/T_Frame_N.uasset
[2016.10.12-13.04.20:934][  0]SourceControl: Informações 	new file:   Source/Content/StarterContent/Textures/T_Gradinet_01.uasset
[2016.10.12-13.04.20:934][  0]SourceControl: Informações 	new file:   Source/Content/StarterContent/Textures/T_Ground_Grass_D.uasset
[2016.10.12-13.04.20:934][  0]SourceControl: Informações 	new file:   Source/Content/StarterContent/Textures/T_Ground_Grass_N.uasset
[2016.10.12-13.04.20:934][  0]SourceControl: Informações 	new file:   Source/Content/StarterContent/Textures/T_Ground_Gravel_D.uasset
[2016.10.12-13.04.20:934][  0]SourceControl: Informações 	new file:   Source/Content/StarterContent/Textures/T_Ground_Gravel_N.uasset
[2016.10.12-13.04.20:934][  0]SourceControl: Informações 	new file:   Source/Content/StarterContent/Textures/T_Ground_Moss_N.uasset
[2016.10.12-13.04.20:934][  0]SourceControl: Informações 	new file:   Source/Content/StarterContent/Textures/T_Lamp_M.uasset
[2016.10.12-13.04.20:934][  0]SourceControl: Informações 	new file:   Source/Content/StarterContent/Textures/T_Lamp_N.uasset
[2016.10.12-13.04.20:934][  0]SourceControl: Informações 	new file:   Source/Content/StarterContent/Textures/T_MacroVariation.uasset
[2016.10.12-13.04.20:934][  0]SourceControl: Informações 	new file:   Source/Content/StarterContent/Textures/T_Metal_Aluminum_D.uasset
[2016.10.12-13.04.20:935][  0]SourceControl: Informações 	new file:   Source/Content/StarterContent/Textures/T_Metal_Copper_D.uasset
[2016.10.12-13.04.20:935][  0]SourceControl: Informações 	new file:   Source/Content/StarterContent/Textures/T_Metal_Gold_D.uasset
[2016.10.12-13.04.20:935][  0]SourceControl: Informações 	new file:   Source/Content/StarterContent/Textures/T_Metal_Gold_N.uasset
[2016.10.12-13.04.20:935][  0]SourceControl: Informações 	new file:   Source/Content/StarterContent/Textures/T_Metal_Rust_D.uasset
[2016.10.12-13.04.20:935][  0]SourceControl: Informações 	new file:   Source/Content/StarterContent/Textures/T_Metal_Rust_N.uasset
[2016.10.12-13.04.20:935][  0]SourceControl: Informações 	new file:   Source/Content/StarterContent/Textures/T_Metal_Steel_D.uasset
[2016.10.12-13.04.20:935][  0]SourceControl: Informações 	new file:   Source/Content/StarterContent/Textures/T_Metal_Steel_N.uasset
[2016.10.12-13.04.20:935][  0]SourceControl: Informações 	new file:   Source/Content/StarterContent/Textures/T_Perlin_Noise_M.uasset
[2016.10.12-13.04.20:935][  0]SourceControl: Informações 	new file:   Source/Content/StarterContent/Textures/T_RockMesh_M.uasset
[2016.10.12-13.04.20:935][  0]SourceControl: Informações 	new file:   Source/Content/StarterContent/Textures/T_RockMesh_N.uasset
[2016.10.12-13.04.20:935][  0]SourceControl: Informações 	new file:   Source/Content/StarterContent/Textures/T_Rock_Basalt_D.uasset
[2016.10.12-13.04.20:935][  0]SourceControl: Informações 	new file:   Source/Content/StarterContent/Textures/T_Rock_Basalt_N.uasset
[2016.10.12-13.04.20:935][  0]SourceControl: Informações 	new file:   Source/Content/StarterContent/Textures/T_Rock_Marble_Polished_D.uasset
[2016.10.12-13.04.20:935][  0]SourceControl: Informações 	new file:   Source/Content/StarterContent/Textures/T_Rock_Sandstone_D.uasset
[2016.10.12-13.04.20:935][  0]SourceControl: Informações 	new file:   Source/Content/StarterContent/Textures/T_Rock_Sandstone_N.uasset
[2016.10.12-13.04.20:935][  0]SourceControl: Informações 	new file:   Source/Content/StarterContent/Textures/T_Rock_Slate_D.uasset
[2016.10.12-13.04.20:935][  0]SourceControl: Informações 	new file:   Source/Content/StarterContent/Textures/T_Rock_Slate_N.uasset
[2016.10.12-13.04.20:935][  0]SourceControl: Informações 	new file:   Source/Content/StarterContent/Textures/T_Rock_Smooth_Granite_D.uasset
[2016.10.12-13.04.20:935][  0]SourceControl: Informações 	new file:   Source/Content/StarterContent/Textures/T_Shelf_M.uasset
[2016.10.12-13.04.20:935][  0]SourceControl: Informações 	new file:   Source/Content/StarterContent/Textures/T_Shelf_N.uasset
[2016.10.12-13.04.20:935][  0]SourceControl: Informações 	new file:   Source/Content/StarterContent/Textures/T_Single_Tile_N.uasset
[2016.10.12-13.04.20:935][  0]SourceControl: Informações 	new file:   Source/Content/StarterContent/Textures/T_Smoke_SubUV.uasset
[2016.10.12-13.04.20:935][  0]SourceControl: Informações 	new file:   Source/Content/StarterContent/Textures/T_Smoke_Tiled_D.uasset
[2016.10.12-13.04.20:935][  0]SourceControl: Informações 	new file:   Source/Content/StarterContent/Textures/T_Spark_Core.uasset
[2016.10.12-13.04.20:935][  0]SourceControl: Informações 	new file:   Source/Content/StarterContent/Textures/T_Statue_M.uasset
[2016.10.12-13.04.20:935][  0]SourceControl: Informações 	new file:   Source/Content/StarterContent/Textures/T_Statue_N.uasset
[2016.10.12-13.04.20:935][  0]SourceControl: Informações 	new file:   Source/Content/StarterContent/Textures/T_TableRound_M.uasset
[2016.10.12-13.04.20:936][  0]SourceControl: Informações 	new file:   Source/Content/StarterContent/Textures/T_TableRound_N.uasset
[2016.10.12-13.04.20:936][  0]SourceControl: Informações 	new file:   Source/Content/StarterContent/Textures/T_Tech_Dot_M.uasset
[2016.10.12-13.04.20:936][  0]SourceControl: Informações 	new file:   Source/Content/StarterContent/Textures/T_Tech_Dot_N.uasset
[2016.10.12-13.04.20:936][  0]SourceControl: Informações 	new file:   Source/Content/StarterContent/Textures/T_Tech_Hex_Tile_M.uasset
[2016.10.12-13.04.20:936][  0]SourceControl: Informações 	new file:   Source/Content/StarterContent/Textures/T_Tech_Hex_Tile_N.uasset
[2016.10.12-13.04.20:936][  0]SourceControl: Informações 	new file:   Source/Content/StarterContent/Textures/T_Tech_Panel_M.uasset
[2016.10.12-13.04.20:936][  0]SourceControl: Informações 	new file:   Source/Content/StarterContent/Textures/T_Tech_Panel_N.uasset
[2016.10.12-13.04.20:936][  0]SourceControl: Informações 	new file:   Source/Content/StarterContent/Textures/T_Water_M.uasset
[2016.10.12-13.04.20:936][  0]SourceControl: Informações 	new file:   Source/Content/StarterContent/Textures/T_Water_N.uasset
[2016.10.12-13.04.20:936][  0]SourceControl: Informações 	new file:   Source/Content/StarterContent/Textures/T_Wood_Floor_Walnut_D.uasset
[2016.10.12-13.04.20:936][  0]SourceControl: Informações 	new file:   Source/Content/StarterContent/Textures/T_Wood_Floor_Walnut_M.uasset
[2016.10.12-13.04.20:936][  0]SourceControl: Informações 	new file:   Source/Content/StarterContent/Textures/T_Wood_Floor_Walnut_N.uasset
[2016.10.12-13.04.20:936][  0]SourceControl: Informações 	new file:   Source/Content/StarterContent/Textures/T_Wood_Oak_D.uasset
[2016.10.12-13.04.20:936][  0]SourceControl: Informações 	new file:   Source/Content/StarterContent/Textures/T_Wood_Oak_N.uasset
[2016.10.12-13.04.20:936][  0]SourceControl: Informações 	new file:   Source/Content/StarterContent/Textures/T_Wood_Pine_D.uasset
[2016.10.12-13.04.20:936][  0]SourceControl: Informações 	new file:   Source/Content/StarterContent/Textures/T_Wood_Pine_N.uasset
[2016.10.12-13.04.20:936][  0]SourceControl: Informações 	new file:   Source/Content/StarterContent/Textures/T_Wood_Walnut_D.uasset
[2016.10.12-13.04.20:936][  0]SourceControl: Informações 	new file:   Source/Content/StarterContent/Textures/T_Wood_Walnut_N.uasset
[2016.10.12-13.04.20:936][  0]SourceControl: Informações 	new file:   Source/Content/StarterContent/Textures/T_ground_Moss_D.uasset
[2016.10.12-13.04.20:936][  0]SourceControl: Informações 	new file:   Source/Content/ThirdPerson/Meshes/Bump_StaticMesh.uasset
[2016.10.12-13.04.20:936][  0]SourceControl: Informações 	new file:   Source/Content/ThirdPerson/Meshes/CubeMaterial.uasset
[2016.10.12-13.04.20:936][  0]SourceControl: Informações 	new file:   Source/Content/ThirdPerson/Meshes/LeftArm_StaticMesh.uasset
[2016.10.12-13.04.20:936][  0]SourceControl: Informações 	new file:   Source/Content/ThirdPerson/Meshes/Linear_Stair_StaticMesh.uasset
[2016.10.12-13.04.20:936][  0]SourceControl: Informações 	new file:   Source/Content/ThirdPerson/Meshes/RampMaterial.uasset
[2016.10.12-13.04.20:936][  0]SourceControl: Informações 	new file:   Source/Content/ThirdPerson/Meshes/Ramp_StaticMesh.uasset
[2016.10.12-13.04.20:936][  0]SourceControl: Informações 	new file:   Source/Content/ThirdPerson/Meshes/RightArm_StaticMesh.uasset
[2016.10.12-13.04.20:936][  0]SourceControl: Informações 	new file:   Source/Content/ThirdPersonBP/Blueprints/ThirdPersonCharacter.uasset
[2016.10.12-13.04.20:937][  0]SourceControl: Informações 	new file:   Source/Content/ThirdPersonBP/Blueprints/ThirdPersonGameMode.uasset
[2016.10.12-13.04.20:937][  0]SourceControl: Informações 	new file:   Source/Content/ThirdPersonBP/Maps/ThirdPersonExampleMap.umap
[2016.10.12-13.04.20:937][  0]SourceControl: Informações 	new file:   Source/Content/ThirdPersonBP/ThirdPersonOverview.uasset
[2016.10.12-13.04.20:937][  0]SourceControl: Informações 	new file:   Source/DarkWoods.uproject
[2016.10.12-13.04.20:937][  0]SourceControl: Informações 	new file:   Source/Intermediate/AssetRegistryCache/1c1156c6.bin
[2016.10.12-13.04.20:937][  0]SourceControl: Informações 	new file:   Source/Intermediate/AssetRegistryCache/3d26461c.bin
[2016.10.12-13.04.20:937][  0]SourceControl: Informações 	new file:   Source/Intermediate/AssetRegistryCache/7a1554cf.bin
[2016.10.12-13.04.20:937][  0]SourceControl: Informações 	new file:   Source/Intermediate/AssetRegistryCache/b4b2f441.bin
[2016.10.12-13.04.20:937][  0]SourceControl: Informações 	new file:   Source/Intermediate/AssetRegistryCache/b648818b.bin
[2016.10.12-13.04.20:937][  0]SourceControl: Informações 	new file:   Source/Intermediate/AssetRegistryCache/bc231332.bin
[2016.10.12-13.04.20:937][  0]SourceControl: Informações 	new file:   Source/Intermediate/CachedAssetRegistry.bin
[2016.10.12-13.04.20:937][  0]SourceControl: Informações 	new file:   Source/Intermediate/Config/CoalescedSourceConfigs/Compat.ini
[2016.10.12-13.04.20:937][  0]SourceControl: Informações 	new file:   Source/Intermediate/Config/CoalescedSourceConfigs/DeviceProfiles.ini
[2016.10.12-13.04.20:937][  0]SourceControl: Informações 	new file:   Source/Intermediate/Config/CoalescedSourceConfigs/Editor.ini
[2016.10.12-13.04.20:937][  0]SourceControl: Informações 	new file:   Source/Intermediate/Config/CoalescedSourceConfigs/EditorKeyBindings.ini
[2016.10.12-13.04.20:937][  0]SourceControl: Informações 	new file:   Source/Intermediate/Config/CoalescedSourceConfigs/EditorLayout.ini
[2016.10.12-13.04.20:937][  0]SourceControl: Informações 	new file:   Source/Intermediate/Config/CoalescedSourceConfigs/EditorPerProjectUserSettings.ini
[2016.10.12-13.04.20:937][  0]SourceControl: Informações 	new file:   Source/Intermediate/Config/CoalescedSourceConfigs/EditorSettings.ini
[2016.10.12-13.04.20:937][  0]SourceControl: Informações 	new file:   Source/Intermediate/Config/CoalescedSourceConfigs/Engine.ini
[2016.10.12-13.04.20:937][  0]SourceControl: Informações 	new file:   Source/Intermediate/Config/CoalescedSourceConfigs/Game.ini
[2016.10.12-13.04.20:937][  0]SourceControl: Informações 	new file:   Source/Intermediate/Config/CoalescedSourceConfigs/GameUserSettings.ini
[2016.10.12-13.04.20:937][  0]SourceControl: Informações 	new file:   Source/Intermediate/Config/CoalescedSourceConfigs/GameplayTags.ini
[2016.10.12-13.04.20:937][  0]SourceControl: Informações 	new file:   Source/Intermediate/Config/CoalescedSourceConfigs/Hardware.ini
[2016.10.12-13.04.20:937][  0]SourceControl: Informações 	new file:   Source/Intermediate/Config/CoalescedSourceConfigs/Input.ini
[2016.10.12-13.04.20:937][  0]SourceControl: Informações 	new file:   Source/Intermediate/Config/CoalescedSourceConfigs/InternationalizationExport.ini
[2016.10.12-13.04.20:937][  0]SourceControl: Informações 	new file:   Source/Intermediate/Config/CoalescedSourceConfigs/Lightmass.ini
[2016.10.12-13.04.20:938][  0]SourceControl: Informações 	new file:   Source/Intermediate/Config/CoalescedSourceConfigs/LocalizationServiceSettings.ini
[2016.10.12-13.04.20:938][  0]SourceControl: Informações 	new file:   Source/Intermediate/Config/CoalescedSourceConfigs/Scalability.ini
[2016.10.12-13.04.20:938][  0]SourceControl: Informações 	new file:   Source/Intermediate/Config/CoalescedSourceConfigs/SourceControlSettings.ini
[2016.10.12-13.04.20:938][  0]SourceControl: Informações 	new file:   Source/Intermediate/Config/CoalescedSourceConfigs/TemplateDefs.ini
[2016.10.12-13.04.20:938][  0]SourceControl: Informações 	new file:   Source/Intermediate/Config/CoalescedSourceConfigs/TranslationPickerSettings.ini
[2016.10.12-13.04.20:938][  0]SourceControl: Informações 	new file:   Source/Intermediate/ReimportCache/3688439234.bin
[2016.10.12-13.04.20:938][  0]SourceControl: Informações 	new file:   Source/Saved/AutoScreenshot.png
[2016.10.12-13.04.20:938][  0]SourceControl: Informações 	new file:   Source/Saved/Autosaves/PackageRestoreData.json
[2016.10.12-13.04.20:938][  0]SourceControl: Informações 	new file:   Source/Saved/Backup/Floor_400x400_2016-10-07-22-29-42.uasset
[2016.10.12-13.04.20:938][  0]SourceControl: Informações 	new file:   Source/Saved/Config/Windows/Compat.ini
[2016.10.12-13.04.20:938][  0]SourceControl: Informações 	new file:   Source/Saved/Config/Windows/DeviceProfiles.ini
[2016.10.12-13.04.20:938][  0]SourceControl: Informações 	new file:   Source/Saved/Config/Windows/Editor.ini
[2016.10.12-13.04.20:938][  0]SourceControl: Informações 	new file:   Source/Saved/Config/Windows/EditorPerProjectUserSettings.ini
[2016.10.12-13.04.20:938][  0]SourceControl: Informações 	new file:   Source/Saved/Config/Windows/Engine.ini
[2016.10.12-13.04.20:938][  0]SourceControl: Informações 	new file:   Source/Saved/Config/Windows/Game.ini
[2016.10.12-13.04.20:938][  0]SourceControl: Informações 	new file:   Source/Saved/Config/Windows/GameUserSettings.ini
[2016.10.12-13.04.20:938][  0]SourceControl: Informações 	new file:   Source/Saved/Config/Windows/GameplayTags.ini
[2016.10.12-13.04.20:938][  0]SourceControl: Informações 	new file:   Source/Saved/Config/Windows/Hardware.ini
[2016.10.12-13.04.20:938][  0]SourceControl: Informações 	new file:   Source/Saved/Config/Windows/Input.ini
[2016.10.12-13.04.20:938][  0]SourceControl: Informações 	new file:   Source/Saved/Config/Windows/InternationalizationExport.ini
[2016.10.12-13.04.20:938][  0]SourceControl: Informações 	new file:   Source/Saved/Config/Windows/Lightmass.ini
[2016.10.12-13.04.20:938][  0]SourceControl: Informações 	new file:   Source/Saved/Config/Windows/LocalizationServiceSettings.ini
[2016.10.12-13.04.20:938][  0]SourceControl: Informações 	new file:   Source/Saved/Config/Windows/Scalability.ini
[2016.10.12-13.04.20:938][  0]SourceControl: Informações 	new file:   Source/Saved/Config/Windows/SourceControlSettings.ini
[2016.10.12-13.04.20:938][  0]SourceControl: Informações 	new file:   Source/Saved/Config/Windows/TemplateDefs.ini
[2016.10.12-13.04.20:938][  0]SourceControl: Informações 	new file:   Source/Saved/Config/Windows/TranslationPickerSettings.ini
[2016.10.12-13.04.20:938][  0]SourceControl: Informações 	new file:   Source/Saved/Logs/DarkWoods-backup-2016.10.07-22.33.07.log
[2016.10.12-13.04.20:939][  0]SourceControl: Informações 	new file:   Source/Saved/Logs/DarkWoods.log
[2016.10.12-13.04.20:939][  0]SourceControl: Informações 	new file:   Source/Saved/Logs/UE4CC-Windows-8D860AC940FF0B49F508D585FDECC1D7/CrashReportClient.ini
[2016.10.12-13.04.20:939][  0]SourceControl: Informações 	new file:   Source/Saved/Logs/UE4CC-Windows-E685A5794390D26FF68286924AC63E4F/CrashReportClient.ini
[2016.10.12-13.04.20:939][  0]SourceControl: Informações Changes not staged for commit:
[2016.10.12-13.04.20:939][  0]SourceControl: Informações   (use "git add/rm <file>..." to update what will be committed)
[2016.10.12-13.04.20:939][  0]SourceControl: Informações   (use "git checkout -- <file>..." to discard changes in working directory)
[2016.10.12-13.04.20:939][  0]SourceControl: Informações 	modified:   Source/Config/DefaultEditor.ini
[2016.10.12-13.04.20:939][  0]SourceControl: Informações 	modified:   Source/Config/DefaultEditorPerProjectUserSettings.ini
[2016.10.12-13.04.20:939][  0]SourceControl: Informações 	modified:   Source/Config/DefaultEngine.ini
[2016.10.12-13.04.20:939][  0]SourceControl: Informações 	modified:   Source/Config/DefaultGame.ini
[2016.10.12-13.04.20:939][  0]SourceControl: Informações 	modified:   Source/Config/DefaultInput.ini
[2016.10.12-13.04.20:939][  0]SourceControl: Informações 	modified:   Source/Content/StarterContent/Architecture/Floor_400x400.uasset
[2016.10.12-13.04.20:939][  0]SourceControl: Informações 	deleted:    Source/Content/ThirdPerson/Meshes/Bump_StaticMesh.uasset
[2016.10.12-13.04.20:939][  0]SourceControl: Informações 	deleted:    Source/Content/ThirdPerson/Meshes/CubeMaterial.uasset
[2016.10.12-13.04.20:939][  0]SourceControl: Informações 	deleted:    Source/Content/ThirdPerson/Meshes/LeftArm_StaticMesh.uasset
[2016.10.12-13.04.20:939][  0]SourceControl: Informações 	deleted:    Source/Content/ThirdPerson/Meshes/Linear_Stair_StaticMesh.uasset
[2016.10.12-13.04.20:939][  0]SourceControl: Informações 	deleted:    Source/Content/ThirdPerson/Meshes/RampMaterial.uasset
[2016.10.12-13.04.20:939][  0]SourceControl: Informações 	deleted:    Source/Content/ThirdPerson/Meshes/Ramp_StaticMesh.uasset
[2016.10.12-13.04.20:939][  0]SourceControl: Informações 	deleted:    Source/Content/ThirdPerson/Meshes/RightArm_StaticMesh.uasset
[2016.10.12-13.04.20:939][  0]SourceControl: Informações 	deleted:    Source/Content/ThirdPersonBP/Blueprints/ThirdPersonCharacter.uasset
[2016.10.12-13.04.20:939][  0]SourceControl: Informações 	deleted:    Source/Content/ThirdPersonBP/Blueprints/ThirdPersonGameMode.uasset
[2016.10.12-13.04.20:939][  0]SourceControl: Informações 	deleted:    Source/Content/ThirdPersonBP/Maps/ThirdPersonExampleMap.umap
[2016.10.12-13.04.20:939][  0]SourceControl: Informações 	deleted:    Source/Content/ThirdPersonBP/ThirdPersonOverview.uasset
[2016.10.12-13.04.20:939][  0]SourceControl: Informações 	modified:   Source/Intermediate/CachedAssetRegistry.bin
[2016.10.12-13.04.20:939][  0]SourceControl: Informações 	modified:   Source/Intermediate/Config/CoalescedSourceConfigs/Editor.ini
[2016.10.12-13.04.20:939][  0]SourceControl: Informações 	modified:   Source/Intermediate/Config/CoalescedSourceConfigs/EditorPerProjectUserSettings.ini
[2016.10.12-13.04.20:939][  0]SourceControl: Informações 	modified:   Source/Intermediate/Config/CoalescedSourceConfigs/Engine.ini
[2016.10.12-13.04.20:940][  0]SourceControl: Informações 	modified:   Source/Intermediate/Config/CoalescedSourceConfigs/Game.ini
[2016.10.12-13.04.20:940][  0]SourceControl: Informações 	modified:   Source/Intermediate/Config/CoalescedSourceConfigs/Input.ini
[2016.10.12-13.04.20:940][  0]SourceControl: Informações 	deleted:    Source/README
[2016.10.12-13.04.20:940][  0]SourceControl: Informações 	modified:   Source/Saved/AutoScreenshot.png
[2016.10.12-13.04.20:940][  0]SourceControl: Informações 	deleted:    Source/Saved/Backup/Floor_400x400_2016-10-07-22-29-42.uasset
[2016.10.12-13.04.20:940][  0]SourceControl: Informações 	modified:   Source/Saved/Config/Windows/EditorPerProjectUserSettings.ini
[2016.10.12-13.04.20:940][  0]SourceControl: Informações 	modified:   Source/Saved/Config/Windows/SourceControlSettings.ini
[2016.10.12-13.04.20:940][  0]SourceControl: Informações 	deleted:    Source/Saved/Logs/DarkWoods-backup-2016.10.07-22.33.07.log
[2016.10.12-13.04.20:940][  0]SourceControl: Informações 	modified:   Source/Saved/Logs/DarkWoods.log
[2016.10.12-13.04.20:940][  0]SourceControl: Informações 	deleted:    Source/Saved/Logs/UE4CC-Windows-8D860AC940FF0B49F508D585FDECC1D7/CrashReportClient.ini
[2016.10.12-13.04.20:940][  0]SourceControl: Informações 	deleted:    Source/Saved/Logs/UE4CC-Windows-E685A5794390D26FF68286924AC63E4F/CrashReportClient.ini
[2016.10.12-13.04.20:940][  0]SourceControl: Informações Untracked files:
[2016.10.12-13.04.20:940][  0]SourceControl: Informações   (use "git add <file>..." to include in what will be committed)
[2016.10.12-13.04.20:940][  0]SourceControl: Informações 	Source/Content/TopDownBP/
[2